<Items>
	<Item>
		<sku>AE-CQ-5881-2</sku>
		<name>Adam and Eve Love Bullet - Pink</name>
		<description>Keep several of these tiny mighty bestselling Love Bullet vibes on hand for orgasms on the go. Just over 2-inch long slip them into a purse pocket or beneath the mattress for discreet O's anytime - anywhere. The silky smooth coat feels sinful against bare skin.</description>
		<updated_at>2021-07-16 21:15:20</updated_at>
		<upc>844477005881</upc>
		<msrp>0</msrp>
		<date_released>2013-06-04 00:00:00</date_released>
		<qty_avail>80</qty_avail>
		<gross_weight>0.1</gross_weight>
		<size_length>2.25</size_length>
		<size_width>0.75</size_width>
		<size_circumference>0</size_circumference>
		<wholesale_price>4.99</wholesale_price>
		<MAP>0</MAP>
		<special_features></special_features>
		<how_to_use>The strong motor is controlled by a simple on/off button. Tighten the end cap prior to using in water.</how_to_use>
		<how_to_clean>Clean before and after each use with soap and warm water or toy cleaner. Remove batteries when not in use.</how_to_clean>
		<purpose></purpose>
		<preferred_asin></preferred_asin>
		<video></video>
		<price>4.99</price>
		<manufacturer>Adam and Eve</manufacturer>
		<Categories>
			<Category>
				<name>Vibrators</name>
			</Category>
			<Category>
				<name>Vibrators | Clitoral Vibrators</name>
			</Category>
			<Category>
				<name>Clit Stimulators</name>
			</Category>
			<Category>
				<name>Clit Stimulators | Bullets</name>
			</Category>
			<Category>
				<name>Eggs &amp; Bullets</name>
			</Category>
			<Category>
				<name>Eggs &amp; Bullets | Wireless</name>
			</Category>
		</Categories>
		<Images>
			<Image>
				<filename>/i/15/1498a67e42b8c875bcef4747c0ba9abe.jpg</filename>
				<width>332</width>
				<height>500</height>
				<filesize>54251</filesize>
				<type>2</type>
				<view>1</view>
				<orientation>1</orientation>
				<created_at>2015-12-03 08:56:19</created_at>
			</Image>
			<Image>
				<filename>/i/15/d7b57071b0ae714cbe1f9f02b83e5997.jpg</filename>
				<width>376</width>
				<height>500</height>
				<filesize>19778</filesize>
				<type>2</type>
				<view>2</view>
				<orientation>1</orientation>
				<created_at>2016-02-09 13:54:32</created_at>
			</Image>
			<Image>
				<filename>/i/15/91f5f98fa3fda99dbe44815228ad0255.jpg</filename>
				<width>500</width>
				<height>434</height>
				<filesize>25267</filesize>
				<type>2</type>
				<view>2</view>
				<orientation>3</orientation>
				<created_at>2016-02-09 13:54:32</created_at>
			</Image>
		</Images>
		<Attributes>
			<Attribute>
				<Color>Pink</Color>
			</Attribute>
			<Attribute>
				<Power>LR44</Power>
			</Attribute>
			<Attribute>
				<Included></Included>
			</Attribute>
			<Attribute>
				<Feature>Vibrates</Feature>
			</Attribute>
			<Attribute>
				<Feature>Waterproof</Feature>
			</Attribute>
			<Attribute>
				<Feature>Phthalate Free</Feature>
			</Attribute>
			<Attribute>
				<Flavor></Flavor>
			</Attribute>
			<Attribute>
				<Display></Display>
			</Attribute>
			<Attribute>
				<Material></Material>
			</Attribute>
			<Attribute>
				<Packaging></Packaging>
			</Attribute>
			<Attribute>
				<ItemLanguage></ItemLanguage>
			</Attribute>
			<Attribute>
				<CountryofOrigin>CN</CountryofOrigin>
			</Attribute>
			<Attribute>
				<Prop65></Prop65>
			</Attribute>
			<Attribute>
				<Bulk></Bulk>
			</Attribute>
		</Attributes>
	</Item>
	<Item>
		<sku>AE-MM-7007-2</sku>
		<name>Adam and Eve Magic Massager</name>
		<description>Tired of vibrators that aren't strong enough or ones that run through batteries faster than can you enjoy them? The Adam and Eve Massing Vibrator is strong enough for even the most demanding user and never requires a single battery change! This wand style massager provides deep satisfying vibrations at both low and high speeds for a multitude of sensual applications. The easy-to-hold l ong handle allows you to angle the wide tip for powerful purring against the cli toris that will produce wave after wave of climaxes. The power cord measures 5 1 /2 feet for plenty of wiggle room; just plug into the wall and enjoy the massage r intimately, or with a partner for sensual and relaxing massage. The flexible n eck gently pivots to conform to your body's curves, and the 2 1/2&amp;quot; wide tip offe rs an erotic surface for sexual exploration. Add a dab of your favorite sex lubr icant to the head and experience an amazing combination of slick glide and deep vibration. The massager's quiet motor is more descreet than some battery operat ed toys on the market.</description>
		<updated_at>2021-07-13 21:15:27</updated_at>
		<upc>844477007007</upc>
		<msrp>0</msrp>
		<date_released>2013-10-15 00:00:00</date_released>
		<qty_avail>52</qty_avail>
		<gross_weight>1.45</gross_weight>
		<size_length>12</size_length>
		<size_width>2.5</size_width>
		<size_circumference>0</size_circumference>
		<wholesale_price>32.99</wholesale_price>
		<MAP>0</MAP>
		<special_features></special_features>
		<how_to_use></how_to_use>
		<how_to_clean>Unplug when not in use; wipe with a damp cloth after use and before storing.</how_to_clean>
		<purpose>Personal massager.</purpose>
		<preferred_asin></preferred_asin>
		<video></video>
		<price>32.99</price>
		<manufacturer>Adam and Eve</manufacturer>
		<Categories>
			<Category>
				<name>Massagers</name>
			</Category>
			<Category>
				<name>Massagers | Body Massagers</name>
			</Category>
			<Category>
				<name>Vibrators</name>
			</Category>
			<Category>
				<name>Vibrators | Clitoral Vibrators</name>
			</Category>
			<Category>
				<name>Eco-Friendly</name>
			</Category>
			<Category>
				<name>Eco-Friendly | Rechargable</name>
			</Category>
		</Categories>
		<Images>
			<Image>
				<filename>/i/108/7644ff497f3b1c743af46b0ebed80a41.jpg</filename>
				<width>500</width>
				<height>268</height>
				<filesize>52470</filesize>
				<type>2</type>
				<view>1</view>
				<orientation>1</orientation>
				<created_at>2015-12-03 08:57:58</created_at>
			</Image>
			<Image>
				<filename>/i/108/3d52e3f04f033e1a7b6c8a2e68fc7bc0.jpg</filename>
				<width>500</width>
				<height>239</height>
				<filesize>24434</filesize>
				<type>2</type>
				<view>2</view>
				<orientation>1</orientation>
				<created_at>2016-02-09 13:56:17</created_at>
			</Image>
		</Images>
		<Attributes>
			<Attribute>
				<Color>White</Color>
			</Attribute>
			<Attribute>
				<Power>AC</Power>
			</Attribute>
			<Attribute>
				<Included></Included>
			</Attribute>
			<Attribute>
				<Feature>Multi-Speed</Feature>
			</Attribute>
			<Attribute>
				<Feature>Vibrates</Feature>
			</Attribute>
			<Attribute>
				<Flavor></Flavor>
			</Attribute>
			<Attribute>
				<Display></Display>
			</Attribute>
			<Attribute>
				<Material></Material>
			</Attribute>
			<Attribute>
				<Packaging></Packaging>
			</Attribute>
			<Attribute>
				<ItemLanguage></ItemLanguage>
			</Attribute>
			<Attribute>
				<CountryofOrigin>CN</CountryofOrigin>
			</Attribute>
			<Attribute>
				<Prop65></Prop65>
			</Attribute>
			<Attribute>
				<Bulk></Bulk>
			</Attribute>
		</Attributes>
	</Item>
		<Item>
		<sku>BL-30802</sku>
		<name>Stay Hard Reusable 5 Function Vibrating Cock Ring - Blue</name>
		<description>Make it thicker longer and stronger with the Stay Hard Reusable Cockring. Stretchy Band TPE cockring hugs your cock and or balls to keep your erection hard. Demo batteries are installed for your convenience. During sex switch on the strong vibrations to stimulate and please your partner.</description>
		<updated_at>2021-07-19 12:17:12</updated_at>
		<upc>853858007277</upc>
		<msrp>13.75</msrp>
		<date_released>2012-07-26 00:00:00</date_released>
		<qty_avail>0</qty_avail>
		<gross_weight>0.1</gross_weight>
		<size_length>2</size_length>
		<size_width>1.5</size_width>
		<size_circumference>0</size_circumference>
		<wholesale_price>6.25</wholesale_price>
		<MAP>13.35</MAP>
		<special_features></special_features>
		<how_to_use></how_to_use>
		<how_to_clean>Clean before and after each use with soap and warm water or toy cleaner. Remove batteries when not in use.</how_to_clean>
		<purpose>Helps you stay hard and also provides clitoral stimulation for your partner.</purpose>
		<preferred_asin></preferred_asin>
		<video></video>
		<price>6.25</price>
		<manufacturer>Blush Novelties</manufacturer>
		<Categories>
			<Category>
				<name>Cockrings</name>
			</Category>
			<Category>
				<name>Cockrings | Vibrating Cockrings-Wireless</name>
			</Category>
			<Category>
				<name>Clit Stimulators</name>
			</Category>
			<Category>
				<name>Clit Stimulators | Clit Stimulating Cockrings</name>
			</Category>
			<Category>
				<name>Clit Stimulators | Wireless</name>
			</Category>
			<Category>
				<name>Cockrings | Cockrings W/Clit Stimulators</name>
			</Category>
			<Category>
				<name>Couples Toys</name>
			</Category>
			<Category>
				<name>Couples Toys | Stimulating Cockrings</name>
			</Category>
		</Categories>
		<Images>
			<Image>
				<filename>/i/720/JQircHmfX3XwPlkik6E0ZIelAfOlbhxD.jpg</filename>
				<width>1133</width>
				<height>1200</height>
				<filesize>759023</filesize>
				<type>2</type>
				<view>5</view>
				<orientation>1</orientation>
				<created_at>2018-03-19 16:03:40</created_at>
			</Image>
			<Image>
				<filename>/i/720/Ldnw8i7WNITq05uci4Krg75ErZ2JQnfo.jpg</filename>
				<width>858</width>
				<height>1200</height>
				<filesize>768383</filesize>
				<type>2</type>
				<view>2</view>
				<orientation>3</orientation>
				<created_at>2018-03-19 16:03:40</created_at>
			</Image>
		</Images>
		<Attributes>
			<Attribute>
				<Color>Blue</Color>
			</Attribute>
			<Attribute>
				<Power>LR44</Power>
			</Attribute>
			<Attribute>
				<Included></Included>
			</Attribute>
			<Attribute>
				<Feature>Multi-Function</Feature>
			</Attribute>
			<Attribute>
				<Feature>Escalates</Feature>
			</Attribute>
			<Attribute>
				<Feature>Pulsates</Feature>
			</Attribute>
			<Attribute>
				<Feature>Vibrates</Feature>
			</Attribute>
			<Attribute>
				<Feature>Phthalate Free</Feature>
			</Attribute>
			<Attribute>
				<Flavor></Flavor>
			</Attribute>
			<Attribute>
				<Display></Display>
			</Attribute>
			<Attribute>
				<Material></Material>
			</Attribute>
			<Attribute>
				<Packaging></Packaging>
			</Attribute>
			<Attribute>
				<ItemLanguage></ItemLanguage>
			</Attribute>
			<Attribute>
				<CountryofOrigin>CN</CountryofOrigin>
			</Attribute>
			<Attribute>
				<Prop65></Prop65>
			</Attribute>
			<Attribute>
				<Bulk></Bulk>
			</Attribute>
		</Attributes>
	</Item>
	<Item>
		<sku>BL-39950</sku>
		<name>Butterfly Stroker Mini V2 - Pink</name>
		<description>A small version of the ever-popular Butterfly Stroker Mini V2 excels in function design. The shaft thrusts while three rows of pleasure beads rotate powerfully inside. Simultaneously the soft butterfly stimulator vibrates with 7 different functions. The butterflys antennar and wings are specially designed to reach all the right spots. The slim and discreet size makes this dual stimulation vibe less bulky than similar products.</description>
		<updated_at>2021-07-15 22:09:09</updated_at>
		<upc>735380399504</upc>
		<msrp>84.39</msrp>
		<date_released>2014-05-28 00:00:00</date_released>
		<qty_avail>0</qty_avail>
		<gross_weight>0.65</gross_weight>
		<size_length>8.75</size_length>
		<size_width>1.5</size_width>
		<size_circumference>0</size_circumference>
		<wholesale_price>38.36</wholesale_price>
		<MAP>84.39</MAP>
		<special_features></special_features>
		<how_to_use></how_to_use>
		<how_to_clean>Clean before and after each use with soap and warm water or toy cleaner. Remove batteries when not in use.</how_to_clean>
		<purpose>Vaginal and clitoral stimulation.</purpose>
		<preferred_asin></preferred_asin>
		<video></video>
		<price>38.36</price>
		<manufacturer>Blush Novelties</manufacturer>
		<Categories>
			<Category>
				<name>Vibrators</name>
			</Category>
			<Category>
				<name>Vibrators | Rabbit Style</name>
			</Category>
			<Category>
				<name>Vibrators | Vaginal &amp; Clit Vibrators</name>
			</Category>
			<Category>
				<name>Clit Stimulators</name>
			</Category>
			<Category>
				<name>Clit Stimulators | Clitoral Toys</name>
			</Category>
		</Categories>
		<Images>
			<Image>
				<filename>/i/749/tDAlm15dxMm0BwMhX3Cz2QapT7T0rbXk.jpg</filename>
				<width>737</width>
				<height>1100</height>
				<filesize>334236</filesize>
				<type>2</type>
				<view>5</view>
				<orientation>1</orientation>
				<created_at>2018-03-19 16:31:34</created_at>
			</Image>
			<Image>
				<filename>/i/749/eT3p6qlclOCbxr8ZrpJiDSSkAwxOW1XA.jpg</filename>
				<width>650</width>
				<height>1080</height>
				<filesize>163740</filesize>
				<type>2</type>
				<view>2</view>
				<orientation>1</orientation>
				<created_at>2018-03-19 16:31:34</created_at>
			</Image>
			<Image>
				<filename>/i/749/TEa9eWkowFuLgvyTbT7n4myAEZX9eIsH.jpg</filename>
				<width>650</width>
				<height>1080</height>
				<filesize>184363</filesize>
				<type>2</type>
				<view>2</view>
				<orientation>1</orientation>
				<created_at>2018-03-19 16:31:34</created_at>
			</Image>
			<Image>
				<filename>/i/749/EvNs22UN1zY9h9wNCeLcKEXyV0VzJdoV.jpg</filename>
				<width>1080</width>
				<height>1080</height>
				<filesize>260774</filesize>
				<type>2</type>
				<view>2</view>
				<orientation>3</orientation>
				<created_at>2018-03-19 16:31:34</created_at>
			</Image>
			<Image>
				<filename>/i/749/o6DDXyCXcB96Ro3le0hnUMZdct0C9pA5.jpg</filename>
				<width>650</width>
				<height>1080</height>
				<filesize>176547</filesize>
				<type>2</type>
				<view>2</view>
				<orientation>1</orientation>
				<created_at>2018-03-19 16:31:34</created_at>
			</Image>
		</Images>
		<Attributes>
			<Attribute>
				<Color>Pink</Color>
			</Attribute>
			<Attribute>
				<Power>AAA</Power>
			</Attribute>
			<Attribute>
				<Included></Included>
			</Attribute>
			<Attribute>
				<Feature>Multi-Function</Feature>
			</Attribute>
			<Attribute>
				<Feature>Multi-Speed</Feature>
			</Attribute>
			<Attribute>
				<Feature>Escalates</Feature>
			</Attribute>
			<Attribute>
				<Feature>Pulsates</Feature>
			</Attribute>
			<Attribute>
				<Feature>Vibrates</Feature>
			</Attribute>
			<Attribute>
				<Feature>Waterproof</Feature>
			</Attribute>
			<Attribute>
				<Feature>Phthalate Free</Feature>
			</Attribute>
			<Attribute>
				<Flavor></Flavor>
			</Attribute>
			<Attribute>
				<Display></Display>
			</Attribute>
			<Attribute>
				<Material></Material>
			</Attribute>
			<Attribute>
				<Packaging></Packaging>
			</Attribute>
			<Attribute>
				<ItemLanguage></ItemLanguage>
			</Attribute>
			<Attribute>
				<CountryofOrigin>CN</CountryofOrigin>
			</Attribute>
			<Attribute>
				<Prop65></Prop65>
			</Attribute>
			<Attribute>
				<Bulk></Bulk>
			</Attribute>
		</Attributes>
	</Item>
	<Item>
		<sku>BL-41810</sku>
		<name>Cutey Wand - Pink</name>
		<description>Cutey Wand is a miniature sized massager measuring 4 inches in length. Flexible neck</description>
		<updated_at>2021-08-17 21:16:45</updated_at>
		<upc>735380418106</upc>
		<msrp>20.88</msrp>
		<date_released>2016-04-06 00:00:00</date_released>
		<qty_avail>38</qty_avail>
		<gross_weight>0.15</gross_weight>
		<size_length>4</size_length>
		<size_width>1</size_width>
		<size_circumference>0</size_circumference>
		<wholesale_price>9.49</wholesale_price>
		<MAP>20.88</MAP>
		<special_features>High RPM vibrations</special_features>
		<how_to_use></how_to_use>
		<how_to_clean>Wash before and after each use. Remove batteries when not in use</how_to_clean>
		<purpose>Clitoral and vagina stimulator</purpose>
		<preferred_asin></preferred_asin>
		<video></video>
		<price>9.49</price>
		<manufacturer>Blush Novelties</manufacturer>
		<Categories>
			<Category>
				<name>Vibrators</name>
			</Category>
			<Category>
				<name>Vibrators | Discreet Vibrators</name>
			</Category>
			<Category>
				<name>Massagers</name>
			</Category>
			<Category>
				<name>Massagers | Body Massagers</name>
			</Category>
		</Categories>
		<Images>
			<Image>
				<filename>/i/763/60df501189bbfc37a1f8334755169be6.jpg</filename>
				<width>398</width>
				<height>500</height>
				<filesize>78217</filesize>
				<type>2</type>
				<view>5</view>
				<orientation>1</orientation>
				<created_at>2015-12-03 09:09:57</created_at>
			</Image>
			<Image>
				<filename>/i/763/tMiKDBr6kLMx4HR8oZZ0Y7DsS4grzOOW.jpg</filename>
				<width>748</width>
				<height>1000</height>
				<filesize>394549</filesize>
				<type>2</type>
				<view>5</view>
				<orientation>1</orientation>
				<created_at>2018-03-19 16:54:52</created_at>
			</Image>
			<Image>
				<filename>/i/763/ixWek9E7iBoqge5gpwoD4l3HNw49d4EN.jpg</filename>
				<width>1000</width>
				<height>906</height>
				<filesize>197847</filesize>
				<type>2</type>
				<view>2</view>
				<orientation>1</orientation>
				<created_at>2018-03-19 16:54:52</created_at>
			</Image>
			<Image>
				<filename>/i/763/DuYSf6DYwQbav7dIhzLAIhH2vndWQhql.jpg</filename>
				<width>1919</width>
				<height>1000</height>
				<filesize>421094</filesize>
				<type>2</type>
				<view>2</view>
				<orientation>3</orientation>
				<created_at>2018-03-19 16:54:53</created_at>
			</Image>
			<Image>
				<filename>/i/763/mx8uT1AOj3O6oGUmC8uwhWCpzD13Vvio.jpg</filename>
				<width>1564</width>
				<height>1000</height>
				<filesize>347967</filesize>
				<type>2</type>
				<view>2</view>
				<orientation>3</orientation>
				<created_at>2018-03-19 16:54:53</created_at>
			</Image>
		</Images>
		<Attributes>
			<Attribute>
				<Color>Pink</Color>
			</Attribute>
			<Attribute>
				<Power></Power>
			</Attribute>
			<Attribute>
				<Included></Included>
			</Attribute>
			<Attribute>
				<Feature>Multi-Speed</Feature>
			</Attribute>
			<Attribute>
				<Feature>Vibrates</Feature>
			</Attribute>
			<Attribute>
				<Feature>Phthalate Free</Feature>
			</Attribute>
			<Attribute>
				<Flavor></Flavor>
			</Attribute>
			<Attribute>
				<Display></Display>
			</Attribute>
			<Attribute>
				<Material></Material>
			</Attribute>
			<Attribute>
				<Packaging></Packaging>
			</Attribute>
			<Attribute>
				<ItemLanguage></ItemLanguage>
			</Attribute>
			<Attribute>
				<CountryofOrigin>CN</CountryofOrigin>
			</Attribute>
			<Attribute>
				<Prop65></Prop65>
			</Attribute>
			<Attribute>
				<Bulk></Bulk>
			</Attribute>
		</Attributes>
	</Item>
	<Item>
		<sku>BL-41811</sku>
		<name>Cutey Wand - White</name>
		<description>Cutey Wand is a miniature sized massager measuring 4 inches in length. Flexible neck</description>
		<updated_at>2021-08-17 21:16:46</updated_at>
		<upc>735380418113</upc>
		<msrp>20.88</msrp>
		<date_released>2011-02-01 00:00:00</date_released>
		<qty_avail>48</qty_avail>
		<gross_weight>0.15</gross_weight>
		<size_length>4</size_length>
		<size_width>1</size_width>
		<size_circumference>0</size_circumference>
		<wholesale_price>9.49</wholesale_price>
		<MAP>20.88</MAP>
		<special_features>High RPM vibrations</special_features>
		<how_to_use></how_to_use>
		<how_to_clean>Wash before and after each use. Remove batteries when not in use</how_to_clean>
		<purpose>Clitoral and vagina stimulator</purpose>
		<preferred_asin></preferred_asin>
		<video></video>
		<price>9.49</price>
		<manufacturer>Blush Novelties</manufacturer>
		<Categories>
			<Category>
				<name>Vibrators</name>
			</Category>
			<Category>
				<name>Massagers</name>
			</Category>
			<Category>
				<name>Massagers | Body Massagers</name>
			</Category>
			<Category>
				<name>Vibrators | Discreet Vibrators</name>
			</Category>
		</Categories>
		<Images>
			<Image>
				<filename>/i/764/qAzsuu8VyYuhzEhxDNK2XYPvnP9vAQyh.jpg</filename>
				<width>752</width>
				<height>1000</height>
				<filesize>404580</filesize>
				<type>2</type>
				<view>5</view>
				<orientation>1</orientation>
				<created_at>2018-03-20 09:05:44</created_at>
			</Image>
			<Image>
				<filename>/i/764/p5BuHe4YU8Q0Jm8DiVgNtsAbK0X8BF7y.jpg</filename>
				<width>1000</width>
				<height>792</height>
				<filesize>102559</filesize>
				<type>2</type>
				<view>2</view>
				<orientation>3</orientation>
				<created_at>2018-03-20 09:05:44</created_at>
			</Image>
			<Image>
				<filename>/i/764/batc5XaPT2x200vchcJxiteEQo0gV48Q.jpg</filename>
				<width>2019</width>
				<height>1000</height>
				<filesize>300568</filesize>
				<type>2</type>
				<view>2</view>
				<orientation>3</orientation>
				<created_at>2018-03-20 09:05:44</created_at>
			</Image>
			<Image>
				<filename>/i/764/SvMkdju78o83PZ1ehXyYaTDGwPZupAPV.jpg</filename>
				<width>1840</width>
				<height>1000</height>
				<filesize>306557</filesize>
				<type>2</type>
				<view>2</view>
				<orientation>3</orientation>
				<created_at>2018-03-20 09:05:44</created_at>
			</Image>
		</Images>
		<Attributes>
			<Attribute>
				<Color>White</Color>
			</Attribute>
			<Attribute>
				<Power></Power>
			</Attribute>
			<Attribute>
				<Included></Included>
			</Attribute>
			<Attribute>
				<Feature>Multi-Speed</Feature>
			</Attribute>
			<Attribute>
				<Feature>Vibrates</Feature>
			</Attribute>
			<Attribute>
				<Feature>Phthalate Free</Feature>
			</Attribute>
			<Attribute>
				<Flavor></Flavor>
			</Attribute>
			<Attribute>
				<Display></Display>
			</Attribute>
			<Attribute>
				<Material></Material>
			</Attribute>
			<Attribute>
				<Packaging></Packaging>
			</Attribute>
			<Attribute>
				<ItemLanguage></ItemLanguage>
			</Attribute>
			<Attribute>
				<CountryofOrigin>CN</CountryofOrigin>
			</Attribute>
			<Attribute>
				<Prop65></Prop65>
			</Attribute>
			<Attribute>
				<Bulk></Bulk>
			</Attribute>
		</Attributes>
	</Item>
	<Item>
		<sku>BL-41821</sku>
		<name>Cutey Wand - Purple</name>
		<description>Who says great things do not come in small packages.. The Cutey Wand is an exceptionally powerful micro massage. It measures only 4-inches in length. Its high RMP vibrations are adjustable from mild all the way to wild by a simple twist of the dial at the base. The massage head is sheathed in pure silicone and is attached to a flexible neck so you can hold it at any angle and still hit that spot just right.</description>
		<updated_at>2021-08-17 21:16:46</updated_at>
		<upc>735380418212</upc>
		<msrp>20.88</msrp>
		<date_released>2014-01-06 00:00:00</date_released>
		<qty_avail>134</qty_avail>
		<gross_weight>0.15</gross_weight>
		<size_length>4</size_length>
		<size_width>1</size_width>
		<size_circumference>0</size_circumference>
		<wholesale_price>9.49</wholesale_price>
		<MAP>20.88</MAP>
		<special_features></special_features>
		<how_to_use></how_to_use>
		<how_to_clean>Wash before and after each use. Remove batteries when not in use</how_to_clean>
		<purpose>Clitoral and vagina stimulator</purpose>
		<preferred_asin></preferred_asin>
		<video></video>
		<price>9.49</price>
		<manufacturer>Blush Novelties</manufacturer>
		<Categories>
			<Category>
				<name>Vibrators</name>
			</Category>
			<Category>
				<name>Vibrators | Mini &amp; Slim Vibrators</name>
			</Category>
			<Category>
				<name>Vibrators | Discreet Vibrators</name>
			</Category>
			<Category>
				<name>Vibrators | Vaginal &amp; Clit Vibrators</name>
			</Category>
			<Category>
				<name>Massagers</name>
			</Category>
			<Category>
				<name>Massagers | Body Massagers</name>
			</Category>
		</Categories>
		<Images>
			<Image>
				<filename>/i/765/1e7bbc66af51275bd0a791d61657b666.jpg</filename>
				<width>414</width>
				<height>500</height>
				<filesize>44438</filesize>
				<type>2</type>
				<view>2</view>
				<orientation>1</orientation>
				<created_at>2015-12-03 09:09:59</created_at>
			</Image>
			<Image>
				<filename>/i/765/a8595f59e20dbf77f51e629f63c5fbfa.jpg</filename>
				<width>400</width>
				<height>500</height>
				<filesize>72233</filesize>
				<type>2</type>
				<view>5</view>
				<orientation>1</orientation>
				<created_at>2016-02-09 14:11:48</created_at>
			</Image>
			<Image>
				<filename>/i/765/4ofSx66jJIPsvGQLKOTQGDFPSoqwokXn.jpg</filename>
				<width>741</width>
				<height>1000</height>
				<filesize>386439</filesize>
				<type>2</type>
				<view>5</view>
				<orientation>1</orientation>
				<created_at>2018-03-20 09:06:54</created_at>
			</Image>
			<Image>
				<filename>/i/765/IePatAbJGJrGKl2nez7QOytQgYBJwYyf.jpg</filename>
				<width>1389</width>
				<height>1100</height>
				<filesize>259966</filesize>
				<type>2</type>
				<view>2</view>
				<orientation>3</orientation>
				<created_at>2018-03-20 09:06:54</created_at>
			</Image>
			<Image>
				<filename>/i/765/Q0CkXdRh3s2O1nrNQI27gaahb5ByV3f0.jpg</filename>
				<width>2477</width>
				<height>1100</height>
				<filesize>761164</filesize>
				<type>2</type>
				<view>2</view>
				<orientation>3</orientation>
				<created_at>2018-03-20 09:06:54</created_at>
			</Image>
			<Image>
				<filename>/i/765/19XRm63GDuDu1iufFA2EZhhjsVaKMVjU.jpg</filename>
				<width>2139</width>
				<height>1100</height>
				<filesize>619405</filesize>
				<type>2</type>
				<view>2</view>
				<orientation>3</orientation>
				<created_at>2018-03-20 09:06:54</created_at>
			</Image>
		</Images>
		<Attributes>
			<Attribute>
				<Color>Purple</Color>
			</Attribute>
			<Attribute>
				<Power></Power>
			</Attribute>
			<Attribute>
				<Included></Included>
			</Attribute>
			<Attribute>
				<Feature>Multi-Speed</Feature>
			</Attribute>
			<Attribute>
				<Feature>Vibrates</Feature>
			</Attribute>
			<Attribute>
				<Feature>Waterproof</Feature>
			</Attribute>
			<Attribute>
				<Feature>Phthalate Free</Feature>
			</Attribute>
			<Attribute>
				<Flavor></Flavor>
			</Attribute>
			<Attribute>
				<Display></Display>
			</Attribute>
			<Attribute>
				<Material></Material>
			</Attribute>
			<Attribute>
				<Packaging></Packaging>
			</Attribute>
			<Attribute>
				<ItemLanguage></ItemLanguage>
			</Attribute>
			<Attribute>
				<CountryofOrigin>CN</CountryofOrigin>
			</Attribute>
			<Attribute>
				<Prop65></Prop65>
			</Attribute>
			<Attribute>
				<Bulk></Bulk>
			</Attribute>
		</Attributes>
	</Item>
	<Item>
		<sku>BMS30528</sku>
		<name>Palm Power Massager - Fuschia</name>
		<description>PalmPower features a sturdy handle and has a massaging head that pivots as you move it over your body. PalmPower also comes with a 100 percent silicone massaging head which is removable and able to accommodate differemt massaging heads for new sensations.</description>
		<updated_at>2021-08-18 06:17:15</updated_at>
		<upc>677613305282</upc>
		<msrp>99.95</msrp>
		<date_released>2014-07-30 00:00:00</date_released>
		<qty_avail>9</qty_avail>
		<gross_weight>1</gross_weight>
		<size_length>0</size_length>
		<size_width>0</size_width>
		<size_circumference>0</size_circumference>
		<wholesale_price>42.50</wholesale_price>
		<MAP>99.95</MAP>
		<special_features></special_features>
		<how_to_use></how_to_use>
		<how_to_clean>Clean before and after each use with soap and warm water or toy cleaner.</how_to_clean>
		<purpose></purpose>
		<preferred_asin></preferred_asin>
		<video></video>
		<price>42.50</price>
		<manufacturer>BMS Factory</manufacturer>
		<Categories>
			<Category>
				<name>Massagers</name>
			</Category>
			<Category>
				<name>Massagers | Body Massagers</name>
			</Category>
			<Category>
				<name>Vibrators</name>
			</Category>
			<Category>
				<name>Vibrators | Discreet Vibrators</name>
			</Category>
			<Category>
				<name>Vibrators | Vaginal &amp; Clit Vibrators</name>
			</Category>
			<Category>
				<name>Eco-Friendly</name>
			</Category>
			<Category>
				<name>Eco-Friendly | Rechargable</name>
			</Category>
			<Category>
				<name>Vibrators | AC Power Vibrators</name>
			</Category>
		</Categories>
		<Images>
			<Image>
				<filename>/i/1074/65c77010f0bbbf4377b5a972e7cf608d.jpg</filename>
				<width>237</width>
				<height>500</height>
				<filesize>20569</filesize>
				<type>2</type>
				<view>2</view>
				<orientation>1</orientation>
				<created_at>2015-12-03 09:15:35</created_at>
			</Image>
			<Image>
				<filename>/i/1074/42d3ee00898ae2b54ee877a99f82cd73.jpg</filename>
				<width>600</width>
				<height>402</height>
				<filesize>58302</filesize>
				<type>2</type>
				<view>1</view>
				<orientation>2</orientation>
				<created_at>2015-12-03 09:15:36</created_at>
			</Image>
		</Images>
		<Attributes>
			<Attribute>
				<Color>Pink</Color>
			</Attribute>
			<Attribute>
				<Power>AC</Power>
			</Attribute>
			<Attribute>
				<Included></Included>
			</Attribute>
			<Attribute>
				<Feature>Multi-Speed</Feature>
			</Attribute>
			<Attribute>
				<Feature>Pulsates</Feature>
			</Attribute>
			<Attribute>
				<Feature>Vibrates</Feature>
			</Attribute>
			<Attribute>
				<Feature>Phthalate Free</Feature>
			</Attribute>
			<Attribute>
				<Flavor></Flavor>
			</Attribute>
			<Attribute>
				<Display></Display>
			</Attribute>
			<Attribute>
				<Material></Material>
			</Attribute>
			<Attribute>
				<Packaging></Packaging>
			</Attribute>
			<Attribute>
				<ItemLanguage></ItemLanguage>
			</Attribute>
			<Attribute>
				<CountryofOrigin>CN</CountryofOrigin>
			</Attribute>
			<Attribute>
				<Prop65></Prop65>
			</Attribute>
			<Attribute>
				<Bulk></Bulk>
			</Attribute>
		</Attributes>
	</Item>
	<Item>
		<sku>BMS30532</sku>
		<name>Palm Embrace Silicone Massager Head</name>
		<description>Palm Embrace Massager Head is made from 100% silicone and feature a soft, silky, smooth finish. The two striking curves are designed for all encompassing pleasure.</description>
		<updated_at>2021-08-16 14:17:31</updated_at>
		<upc>677613305329</upc>
		<msrp>17.95</msrp>
		<date_released>2015-08-04 00:00:00</date_released>
		<qty_avail>0</qty_avail>
		<gross_weight>0.2</gross_weight>
		<size_length>0</size_length>
		<size_width>0</size_width>
		<size_circumference>0</size_circumference>
		<wholesale_price>4.95</wholesale_price>
		<MAP>17.95</MAP>
		<special_features></special_features>
		<how_to_use></how_to_use>
		<how_to_clean></how_to_clean>
		<purpose></purpose>
		<preferred_asin></preferred_asin>
		<video></video>
		<price>4.95</price>
		<manufacturer>Sale</manufacturer>
		<Categories>
			<Category>
				<name>Massagers</name>
			</Category>
			<Category>
				<name>Massagers | Attachments &amp; Accessories</name>
			</Category>
			<Category>
				<name>Sale</name>
			</Category>
		</Categories>
		<Images>
			<Image>
				<filename>/i/1078/0d9379567db258ada7ee4da7d7c9ba39.jpg</filename>
				<width>302</width>
				<height>500</height>
				<filesize>44495</filesize>
				<type>2</type>
				<view>2</view>
				<orientation>1</orientation>
				<created_at>2015-12-03 09:15:39</created_at>
			</Image>
		</Images>
		<Attributes>
			<Attribute>
				<Color>Pink</Color>
			</Attribute>
			<Attribute>
				<Power></Power>
			</Attribute>
			<Attribute>
				<Included></Included>
			</Attribute>
			<Attribute>
				<Feature></Feature>
			</Attribute>
			<Attribute>
				<Flavor></Flavor>
			</Attribute>
			<Attribute>
				<Display></Display>
			</Attribute>
			<Attribute>
				<Material></Material>
			</Attribute>
			<Attribute>
				<Packaging></Packaging>
			</Attribute>
			<Attribute>
				<ItemLanguage></ItemLanguage>
			</Attribute>
			<Attribute>
				<CountryofOrigin>CN</CountryofOrigin>
			</Attribute>
			<Attribute>
				<Prop65></Prop65>
			</Attribute>
			<Attribute>
				<Bulk></Bulk>
			</Attribute>
		</Attributes>
	</Item>
</Items>