<Item>
		<sku>SE0630083</sku>
		<name>Impulse Intimate E-Stimulator Dual Kegel</name>
		<description> Impulse Intimate E Stimulator Remote Dual Kegel Exerciser use the zinc-alloy stimulator pads to automatically tone and strengthen the pelvic muscles responsible for arousal and climax. Our tingling kegel weight has 7 vibration functions, 5 electro-stim levels &amp;amp; a flexible retrieval cord. Tone, strengthen and tighten pelvic floor muscles while you or your lover use to handy remote to cycle through powerful sensations from up to 32.75' (10 m) away. &amp;lt;br&amp;gt; Electro-Stimulation technology uses electric pulses to automatically strengthen and tone pelvic floor muscles responsible for intense orgasms. The strategically placed zinc alloy electro-stim pads gently pulse to intensify sensation and climax. &amp;lt;br&amp;gt; Embrace full-body stimulation with this silky vibrator's 7 functions of vibration and 5 independently controlled e-stim functions. The sleek 3 button control pad lets you enjoy frustration-free control. Gently escalate stimulation and personalize powerful pleasure with 5 independent electro pulse functions.</description>
		<updated_at>2021-10-26 16:24:20</updated_at>
		<upc>716770093400</upc>
		<msrp>106.99</msrp>
		<date_released>2019-08-13 00:00:00</date_released>
		<qty_avail>17</qty_avail>
		<gross_weight>0.8</gross_weight>
		<size_length>4</size_length>
		<size_width>1.25</size_width>
		<size_circumference>3.925</size_circumference>
		<wholesale_price>53.25</wholesale_price>
		<MAP>0</MAP>
		<special_features></special_features>
		<how_to_use></how_to_use>
		<how_to_clean></how_to_clean>
		<purpose></purpose>
		<preferred_asin></preferred_asin>
		<video></video>
		<price>53.25</price>
		<manufacturer>CalExotics</manufacturer>
		<Categories>
			<Category>
				<name>Clit Stimulators</name>
			</Category>
			<Category>
				<name>Clit Stimulators | Kegel Exerciser</name>
			</Category>
			<Category>
				<name>Kegel &amp; Pelvic Exercisers</name>
			</Category>
			<Category>
				<name>Vibrators</name>
			</Category>
			<Category>
				<name>Vibrators | Clitoral Vibrators</name>
			</Category>
		</Categories>
		<Images>
			<Image>
				<filename>/i/30966/Cd3tUsV8xaQznRjLebc2oH64e7k5eAia.jpg</filename>
				<width>1000</width>
				<height>1000</height>
				<filesize>71113</filesize>
				<type>2</type>
				<view>2</view>
				<orientation>1</orientation>
				<created_at>2019-08-15 10:22:58</created_at>
			</Image>
			<Image>
				<filename>/i/30966/LmsU26FEyz48WRx3ReBmDAWzvRvJxw3E.jpg</filename>
				<width>1000</width>
				<height>1000</height>
				<filesize>180047</filesize>
				<type>2</type>
				<view>1</view>
				<orientation>1</orientation>
				<created_at>2019-08-15 10:22:58</created_at>
			</Image>
			<Image>
				<filename>/i/30966/vtRNpd1AQgPb8zLuToS2z29LqwV1qm7I.jpg</filename>
				<width>1000</width>
				<height>1000</height>
				<filesize>80704</filesize>
				<type>2</type>
				<view>3</view>
				<orientation>1</orientation>
				<created_at>2019-08-15 10:22:58</created_at>
			</Image>
			<Image>
				<filename>/i/30966/Kt6k6QqyFz9i1WZd34aDmzTcgpmJfcSC.jpg</filename>
				<width>1000</width>
				<height>1000</height>
				<filesize>77691</filesize>
				<type>2</type>
				<view>3</view>
				<orientation>1</orientation>
				<created_at>2019-08-15 10:22:58</created_at>
			</Image>
			<Image>
				<filename>/i/30966/P3aMKBcV26WlN5r9GX7tXzCYPbZLUesw.jpg</filename>
				<width>1000</width>
				<height>1000</height>
				<filesize>74467</filesize>
				<type>2</type>
				<view>3</view>
				<orientation>1</orientation>
				<created_at>2019-08-15 10:22:58</created_at>
			</Image>
		</Images>
		<Attributes>
			<Attribute>
				<Color>Purple</Color>
			</Attribute>
			<Attribute>
				<Power></Power>
			</Attribute>
			<Attribute>
				<Included></Included>
			</Attribute>
			<Attribute>
				<Feature>Multi-Function</Feature>
			</Attribute>
			<Attribute>
				<Feature>Multi-Speed</Feature>
			</Attribute>
			<Attribute>
				<Feature>Vibrates</Feature>
			</Attribute>
			<Attribute>
				<Feature>Rechargable</Feature>
			</Attribute>
			<Attribute>
				<Flavor></Flavor>
			</Attribute>
			<Attribute>
				<Display></Display>
			</Attribute>
			<Attribute>
				<Material></Material>
			</Attribute>
			<Attribute>
				<Packaging></Packaging>
			</Attribute>
			<Attribute>
				<ItemLanguage></ItemLanguage>
			</Attribute>
			<Attribute>
				<CountryofOrigin>CN</CountryofOrigin>
			</Attribute>
			<Attribute>
				<Prop65></Prop65>
			</Attribute>
			<Attribute>
				<Bulk></Bulk>
			</Attribute>
			<Attribute>
				<Size></Size>
			</Attribute>
		</Attributes>
	</Item>
	<Item>
		<sku>SE0630123</sku>
		<name>Impulse Intimate E-Stimulator Petite G Wand</name>
		<description> The Impulse E-stimulation collection is here to energize with the Intimate E-Stimulator Petite G Wand; This g-spot massager packs 5 electro-stimulation functions and 7 vibration functions for powerfully heightened pleasure with every use. &amp;lt;br&amp;gt; Electro-Stimulation technology uses electric pulses to automatically strengthen and tone pelvic floor muscles responsible for intense orgasms. The strategically placed zinc alloy electro-stim pads gently pulse to intensify sensation and climax. &amp;lt;br&amp;gt; Embrace full-body stimulation with this silky vibrator's 7 functions of vibration and 5 independently controlled e-stim functions. The sleek 3 button control pad lets you enjoy frustration-free control. Gently escalate stimulation and personalize powerful pleasure with 5 independent electro pulse functions. &amp;lt;br&amp;gt; The flexible massager is made from a hygienically superior silicone. This body safe material is unscented and phthalate free to keep your most sensitive spots happy and healthy.</description>
		<updated_at>2021-09-07 16:39:15</updated_at>
		<upc>716770093417</upc>
		<msrp>84.99</msrp>
		<date_released>2019-08-13 00:00:00</date_released>
		<qty_avail>12</qty_avail>
		<gross_weight>0.85</gross_weight>
		<size_length>3.25</size_length>
		<size_width>1.25</size_width>
		<size_circumference>3.925</size_circumference>
		<wholesale_price>42.45</wholesale_price>
		<MAP>0</MAP>
		<special_features></special_features>
		<how_to_use></how_to_use>
		<how_to_clean></how_to_clean>
		<purpose></purpose>
		<preferred_asin></preferred_asin>
		<video></video>
		<price>42.45</price>
		<manufacturer>CalExotics</manufacturer>
		<Categories>
			<Category>
				<name>Kegel &amp; Pelvic Exercisers</name>
			</Category>
			<Category>
				<name>Clit Stimulators</name>
			</Category>
			<Category>
				<name>Clit Stimulators | Kegel Exerciser</name>
			</Category>
			<Category>
				<name>Vibrators</name>
			</Category>
			<Category>
				<name>Vibrators | Clitoral Vibrators</name>
			</Category>
			<Category>
				<name>Eco-Friendly</name>
			</Category>
			<Category>
				<name>Eco-Friendly | Rechargable</name>
			</Category>
		</Categories>
		<Images>
			<Image>
				<filename>/i/30967/AUzYkrNL5HjLfDHw4vM6C5elvlHIHtpQ.jpg</filename>
				<width>1000</width>
				<height>1000</height>
				<filesize>69540</filesize>
				<type>2</type>
				<view>3</view>
				<orientation>1</orientation>
				<created_at>2019-08-15 10:32:12</created_at>
			</Image>
			<Image>
				<filename>/i/30967/83XpHSPuANdSFoOtCtGN9yXX1dqFOs6Q.jpg</filename>
				<width>1000</width>
				<height>1000</height>
				<filesize>70132</filesize>
				<type>2</type>
				<view>2</view>
				<orientation>1</orientation>
				<created_at>2019-08-15 10:32:12</created_at>
			</Image>
			<Image>
				<filename>/i/30967/SyGIvOvSJeOFaNyl0uYgtknQvWyuVJEc.jpg</filename>
				<width>1000</width>
				<height>1000</height>
				<filesize>63774</filesize>
				<type>2</type>
				<view>3</view>
				<orientation>1</orientation>
				<created_at>2019-08-15 10:32:12</created_at>
			</Image>
			<Image>
				<filename>/i/30967/6q76wCehVlBrD0Iqc0StBm61nLU6kTwl.jpg</filename>
				<width>1000</width>
				<height>1000</height>
				<filesize>69873</filesize>
				<type>2</type>
				<view>3</view>
				<orientation>1</orientation>
				<created_at>2019-08-15 10:32:12</created_at>
			</Image>
			<Image>
				<filename>/i/30967/wvemE1j0pLX0oQPh18sLvL1YODWIX5SR.jpg</filename>
				<width>1000</width>
				<height>1000</height>
				<filesize>176395</filesize>
				<type>2</type>
				<view>1</view>
				<orientation>1</orientation>
				<created_at>2019-08-15 10:32:12</created_at>
			</Image>
			<Image>
				<filename>/i/30967/3llCqRrmasJtgI7uZlEe6y786NpeiBSK.jpg</filename>
				<width>1000</width>
				<height>1000</height>
				<filesize>73432</filesize>
				<type>2</type>
				<view>3</view>
				<orientation>1</orientation>
				<created_at>2019-08-15 10:32:12</created_at>
			</Image>
		</Images>
		<Attributes>
			<Attribute>
				<Color>Purple</Color>
			</Attribute>
			<Attribute>
				<Power></Power>
			</Attribute>
			<Attribute>
				<Included></Included>
			</Attribute>
			<Attribute>
				<Feature>Multi-Function</Feature>
			</Attribute>
			<Attribute>
				<Feature>Multi-Speed</Feature>
			</Attribute>
			<Attribute>
				<Feature>Vibrates</Feature>
			</Attribute>
			<Attribute>
				<Feature>Rechargable</Feature>
			</Attribute>
			<Attribute>
				<Flavor></Flavor>
			</Attribute>
			<Attribute>
				<Display></Display>
			</Attribute>
			<Attribute>
				<Material></Material>
			</Attribute>
			<Attribute>
				<Packaging></Packaging>
			</Attribute>
			<Attribute>
				<ItemLanguage></ItemLanguage>
			</Attribute>
			<Attribute>
				<CountryofOrigin>CN</CountryofOrigin>
			</Attribute>
			<Attribute>
				<Prop65></Prop65>
			</Attribute>
			<Attribute>
				<Bulk></Bulk>
			</Attribute>
			<Attribute>
				<Size></Size>
			</Attribute>
		</Attributes>
	</Item>
	<Item>
		<sku>PD4953-12</sku>
		<name>Fantasy for Her Her Rechargeable Power Wand</name>
		<description> For as long as she could remember, wands had always been her favorite sex toys and she was thrilled with her new handpicked wand&#x2014;Her Rechargeable Power Wand. She loved its rechargeable convenience and enjoyed not worrying about wires or cords getting in the way of her play. &amp;lt;br&amp;gt;&amp;lt;br&amp;gt; NOW was the perfect time for a personal pleasure session. She locked her door and took out Her Rechargeable Power Wand. The silicone head was silky smooth and instantly started to warm to her own body temperature as she caressed her inner thighs. She pressed the power button to activate the motor, then pressed again to start the deep, rumbling vibrations. Mmmmm&#x2026; this was the stress reliever she needed! &amp;lt;br&amp;gt;&amp;lt;br&amp;gt; The lengthy handle allowed her to lean back comfortably and still be able to reach her most sensitive areas. The flexible neck maneuvered with her as she grinded against the round head. She pressed the plus button again and again to intensify the vibrations. Her mind wandered and fantasies filled her head as the rumbly stimulation resonated deeply into her throbbing clit. She knew she was so close to climaxing but wanted to extend her fun a little longer&#x2014;she pressed the minus button to slow the vibrations and pressed the power button to cycle through patterns to find one that intimately teased her senses. &amp;lt;br&amp;gt;&amp;lt;bR&amp;gt; Her head snapped back and a throaty moan pressed through her lips as an intense orgasm filled her body with the most incredible pleasure. She felt her heartbeat in time with the sensations rushing through her. She smiled to herself and thought&#x2014;there is nothing more heavenly than an orgasm from Her Rechargeable Power Wand. &amp;lt;br&amp;gt;&amp;lt;br&amp;gt; It&#x2019;s all about Her. &amp;lt;bR&amp;gt;&amp;lt;br&amp;gt; Operating Instructions: &amp;lt;br&amp;gt; Rechargeable via the included USB cord. &amp;lt;br&amp;gt;&amp;lt;br&amp;gt; Power On/Off: &amp;lt;bR&amp;gt;&amp;lt;bR&amp;gt; Press and hold the center power button to activate standby mode. Press again to cycle through 10 patterns of vibration. Press the + / - buttons to intensify or decrease vibration strength through 5 power levels. Press and hold the center power button to turn off. &amp;lt;br&amp;gt;&amp;lt;Br&amp;gt; Powerful Deep, Rumbling Vibration - 5 power levels and 10 modes of vibrational patterns provide incredible intimate stimulation. &amp;lt;br&amp;gt; Flexible Neck - Designed for maximum maneuverability while allowing vibrations to deeply resonate. &amp;lt;br&amp;gt; Elite Silicone - Incredibly smooth and warms to your body temperature. &amp;lt;br&amp;gt; USB Rechargeable - Ready when you are! Easily and conveniently rechargeable, of enjoyment.</description>
		<updated_at>2021-10-27 21:25:03</updated_at>
		<upc>603912759570</upc>
		<msrp>84.99</msrp>
		<date_released>2019-08-22 00:00:00</date_released>
		<qty_avail>0</qty_avail>
		<gross_weight>0.9</gross_weight>
		<size_length>13</size_length>
		<size_width>0</size_width>
		<size_circumference>0</size_circumference>
		<wholesale_price>42.50</wholesale_price>
		<MAP>0</MAP>
		<special_features></special_features>
		<how_to_use></how_to_use>
		<how_to_clean>Cleanup is easy after the fun with Refresh Toy Cleaner and warm water. Please do not submerge.</how_to_clean>
		<purpose></purpose>
		<preferred_asin></preferred_asin>
		<video>&amp;lt;iframe src=&amp;quot;https://player.vimeo.com/video/366623588&amp;quot; width=&amp;quot;640&amp;quot; height=&amp;quot;360&amp;quot; frameborder=&amp;quot;0&amp;quot; allow=&amp;quot;autoplay; fullscreen&amp;quot; allowfullscreen&amp;gt;&amp;lt;/iframe&amp;gt;</video>
		<price>42.50</price>
		<manufacturer>Pipedream</manufacturer>
		<Categories>
			<Category>
				<name>Massagers</name>
			</Category>
			<Category>
				<name>Massagers | Body Massagers</name>
			</Category>
			<Category>
				<name>Vibrators</name>
			</Category>
			<Category>
				<name>Vibrators | AC Power Vibrators</name>
			</Category>
			<Category>
				<name>Eco-Friendly</name>
			</Category>
			<Category>
				<name>Eco-Friendly | Rechargable</name>
			</Category>
		</Categories>
		<Images>
			<Image>
				<filename>/i/31045/vGrqFfr0SikjrkCvvcAy6XzAEYpkmUoG.jpg</filename>
				<width>1932</width>
				<height>2500</height>
				<filesize>523389</filesize>
				<type>2</type>
				<view>3</view>
				<orientation>1</orientation>
				<created_at>2019-08-22 11:28:09</created_at>
			</Image>
			<Image>
				<filename>/i/31045/xdXNXJncgfDSTlYAg5yAn1wx8Qj46w82.jpg</filename>
				<width>1932</width>
				<height>2500</height>
				<filesize>452570</filesize>
				<type>2</type>
				<view>3</view>
				<orientation>1</orientation>
				<created_at>2019-08-22 11:28:10</created_at>
			</Image>
			<Image>
				<filename>/i/31045/BrD7esBNXoRYXV3Fls6od7zRcAEjWZZs.jpg</filename>
				<width>1932</width>
				<height>2500</height>
				<filesize>471684</filesize>
				<type>2</type>
				<view>2</view>
				<orientation>1</orientation>
				<created_at>2019-08-22 11:28:10</created_at>
			</Image>
			<Image>
				<filename>/i/31045/bEZ7u7QBSPHQ38sPiRTLCou7KYb9lBlx.jpg</filename>
				<width>1932</width>
				<height>2500</height>
				<filesize>817878</filesize>
				<type>2</type>
				<view>1</view>
				<orientation>1</orientation>
				<created_at>2019-08-22 11:28:10</created_at>
			</Image>
		</Images>
		<Attributes>
			<Attribute>
				<Color>Purple</Color>
			</Attribute>
			<Attribute>
				<Power></Power>
			</Attribute>
			<Attribute>
				<Included></Included>
			</Attribute>
			<Attribute>
				<Feature>Multi-Function</Feature>
			</Attribute>
			<Attribute>
				<Feature>Multi-Speed</Feature>
			</Attribute>
			<Attribute>
				<Feature>Vibrates</Feature>
			</Attribute>
			<Attribute>
				<Feature>Rechargable</Feature>
			</Attribute>
			<Attribute>
				<Flavor></Flavor>
			</Attribute>
			<Attribute>
				<Display></Display>
			</Attribute>
			<Attribute>
				<Material></Material>
			</Attribute>
			<Attribute>
				<Packaging></Packaging>
			</Attribute>
			<Attribute>
				<ItemLanguage></ItemLanguage>
			</Attribute>
			<Attribute>
				<CountryofOrigin>CN</CountryofOrigin>
			</Attribute>
			<Attribute>
				<Prop65></Prop65>
			</Attribute>
			<Attribute>
				<Bulk></Bulk>
			</Attribute>
			<Attribute>
				<Size></Size>
			</Attribute>
		</Attributes>
	</Item>
	<Item>
		<sku>BL-53101</sku>
		<name>Aria - Flutter Tongue - Purple</name>
		<description> The Aria Flutter Tongue arouses and excites with the flickering motion of its soft silicone tips! Flutter Tongue delivers 7 different vibration modes and quiet operation. Its fluttering tips create tantalizing sensations against clitoris or nipples. Made of body safe, satin smooth silicone, Flutter fits easily into the palm of your hand. A hygienic storage cap covers the internal stimulator to make sure your toy stays clean and discreet. Fully waterproof and USB rechargeable, Flutter is easy to clean and simple to maintain.</description>
		<updated_at>2021-10-27 14:16:21</updated_at>
		<upc>819835024446</upc>
		<msrp>48.4</msrp>
		<date_released>2019-08-22 00:00:00</date_released>
		<qty_avail>57</qty_avail>
		<gross_weight>0.25</gross_weight>
		<size_length>2.5</size_length>
		<size_width>1.5</size_width>
		<size_circumference>4.71</size_circumference>
		<wholesale_price>22.00</wholesale_price>
		<MAP>38.72</MAP>
		<special_features></special_features>
		<how_to_use></how_to_use>
		<how_to_clean></how_to_clean>
		<purpose></purpose>
		<preferred_asin></preferred_asin>
		<video></video>
		<price>22.00</price>
		<manufacturer>Blush Novelties</manufacturer>
		<Categories>
			<Category>
				<name>Clit Stimulators</name>
			</Category>
			<Category>
				<name>Clit Stimulators | Clitoral Toys</name>
			</Category>
			<Category>
				<name>Vibrators</name>
			</Category>
			<Category>
				<name>Vibrators | Tongue Vibrators</name>
			</Category>
			<Category>
				<name>Vibrators | Vaginal &amp; Clit Vibrators</name>
			</Category>
		</Categories>
		<Images>
			<Image>
				<filename>/i/31056/Ec2Tlro6kkeIFCygxCdTcGNYYSeWQukx.jpg</filename>
				<width>1000</width>
				<height>1000</height>
				<filesize>30763</filesize>
				<type>2</type>
				<view>3</view>
				<orientation>1</orientation>
				<created_at>2019-08-23 08:17:30</created_at>
			</Image>
			<Image>
				<filename>/i/31056/HW6aXCccvtCsVSBLDe5FRmpROxjqMIBN.jpg</filename>
				<width>1000</width>
				<height>1000</height>
				<filesize>33490</filesize>
				<type>2</type>
				<view>3</view>
				<orientation>1</orientation>
				<created_at>2019-08-23 08:17:30</created_at>
			</Image>
			<Image>
				<filename>/i/31056/hrjAvXjWwpJVwfLwotvuzbUQxioVvxaS.jpg</filename>
				<width>1000</width>
				<height>1000</height>
				<filesize>64876</filesize>
				<type>2</type>
				<view>1</view>
				<orientation>1</orientation>
				<created_at>2019-08-23 08:17:30</created_at>
			</Image>
			<Image>
				<filename>/i/31056/XAkvsWtlLjAdJW6frXVAK8UQBm1LMXiW.jpg</filename>
				<width>1000</width>
				<height>1000</height>
				<filesize>42904</filesize>
				<type>2</type>
				<view>3</view>
				<orientation>1</orientation>
				<created_at>2019-08-23 08:17:30</created_at>
			</Image>
			<Image>
				<filename>/i/31056/4YzuDXVu7JS5HM3CFOKvMELmGOhc8Fyu.jpg</filename>
				<width>1000</width>
				<height>1000</height>
				<filesize>35930</filesize>
				<type>2</type>
				<view>2</view>
				<orientation>1</orientation>
				<created_at>2019-08-23 08:17:30</created_at>
			</Image>
		</Images>
		<Attributes>
			<Attribute>
				<Color>Multi</Color>
			</Attribute>
			<Attribute>
				<Power></Power>
			</Attribute>
			<Attribute>
				<Included></Included>
			</Attribute>
			<Attribute>
				<Feature>Multi-Function</Feature>
			</Attribute>
			<Attribute>
				<Feature>Multi-Speed</Feature>
			</Attribute>
			<Attribute>
				<Feature>Vibrates</Feature>
			</Attribute>
			<Attribute>
				<Feature>Waterproof</Feature>
			</Attribute>
			<Attribute>
				<Feature>Rechargable</Feature>
			</Attribute>
			<Attribute>
				<Flavor></Flavor>
			</Attribute>
			<Attribute>
				<Display></Display>
			</Attribute>
			<Attribute>
				<Material></Material>
			</Attribute>
			<Attribute>
				<Packaging></Packaging>
			</Attribute>
			<Attribute>
				<ItemLanguage></ItemLanguage>
			</Attribute>
			<Attribute>
				<CountryofOrigin>CN</CountryofOrigin>
			</Attribute>
			<Attribute>
				<Prop65></Prop65>
			</Attribute>
			<Attribute>
				<Bulk></Bulk>
			</Attribute>
			<Attribute>
				<Size></Size>
			</Attribute>
		</Attributes>
	</Item>