<Items>
	<Item>
		<sku>AE-CQ-5881-2</sku>
		<name>Adam and Eve Love Bullet - Pink</name>
		<description>Keep several of these tiny mighty bestselling Love Bullet vibes on hand for orgasms on the go. Just over 2-inch long slip them into a purse pocket or beneath the mattress for discreet O's anytime - anywhere. The silky smooth coat feels sinful against bare skin.</description>
		<updated_at>2021-10-20 21:15:16</updated_at>
		<upc>844477005881</upc>
		<msrp>0</msrp>
		<date_released>2013-06-04 00:00:00</date_released>
		<qty_avail>54</qty_avail>
		<gross_weight>0.1</gross_weight>
		<size_length>2.25</size_length>
		<size_width>0.75</size_width>
		<size_circumference>0</size_circumference>
		<wholesale_price>4.99</wholesale_price>
		<MAP>0</MAP>
		<special_features></special_features>
		<how_to_use>The strong motor is controlled by a simple on/off button. Tighten the end cap prior to using in water.</how_to_use>
		<how_to_clean>Clean before and after each use with soap and warm water or toy cleaner. Remove batteries when not in use.</how_to_clean>
		<purpose></purpose>
		<preferred_asin></preferred_asin>
		<video></video>
		<price>4.99</price>
		<manufacturer>Adam and Eve</manufacturer>
		<Categories>
			<Category>
				<name>Vibrators</name>
			</Category>
			<Category>
				<name>Vibrators | Clitoral Vibrators</name>
			</Category>
			<Category>
				<name>Clit Stimulators</name>
			</Category>
			<Category>
				<name>Clit Stimulators | Bullets</name>
			</Category>
			<Category>
				<name>Eggs &amp; Bullets</name>
			</Category>
			<Category>
				<name>Eggs &amp; Bullets | Wireless</name>
			</Category>
		</Categories>
		<Images>
			<Image>
				<filename>/i/15/1498a67e42b8c875bcef4747c0ba9abe.jpg</filename>
				<width>332</width>
				<height>500</height>
				<filesize>54251</filesize>
				<type>2</type>
				<view>1</view>
				<orientation>1</orientation>
				<created_at>2015-12-03 08:56:19</created_at>
			</Image>
			<Image>
				<filename>/i/15/d7b57071b0ae714cbe1f9f02b83e5997.jpg</filename>
				<width>376</width>
				<height>500</height>
				<filesize>19778</filesize>
				<type>2</type>
				<view>2</view>
				<orientation>1</orientation>
				<created_at>2016-02-09 13:54:32</created_at>
			</Image>
			<Image>
				<filename>/i/15/91f5f98fa3fda99dbe44815228ad0255.jpg</filename>
				<width>500</width>
				<height>434</height>
				<filesize>25267</filesize>
				<type>2</type>
				<view>2</view>
				<orientation>3</orientation>
				<created_at>2016-02-09 13:54:32</created_at>
			</Image>
		</Images>
		<Attributes>
			<Attribute>
				<Color>Pink</Color>
			</Attribute>
			<Attribute>
				<Power>LR44</Power>
			</Attribute>
			<Attribute>
				<Included></Included>
			</Attribute>
			<Attribute>
				<Feature>Vibrates</Feature>
			</Attribute>
			<Attribute>
				<Feature>Waterproof</Feature>
			</Attribute>
			<Attribute>
				<Feature>Phthalate Free</Feature>
			</Attribute>
			<Attribute>
				<Flavor></Flavor>
			</Attribute>
			<Attribute>
				<Display></Display>
			</Attribute>
			<Attribute>
				<Material></Material>
			</Attribute>
			<Attribute>
				<Packaging></Packaging>
			</Attribute>
			<Attribute>
				<ItemLanguage></ItemLanguage>
			</Attribute>
			<Attribute>
				<CountryofOrigin>CN</CountryofOrigin>
			</Attribute>
			<Attribute>
				<Prop65></Prop65>
			</Attribute>
			<Attribute>
				<Bulk></Bulk>
			</Attribute>
			<Attribute>
				<Size></Size>
			</Attribute>
		</Attributes>
	</Item>
	<Item>
		<sku>AE-MM-7007-2</sku>
		<name>Adam and Eve Magic Massager</name>
		<description>Tired of vibrators that aren't strong enough or ones that run through batteries faster than can you enjoy them? The Adam and Eve Massing Vibrator is strong enough for even the most demanding user and never requires a single battery change! This wand style massager provides deep satisfying vibrations at both low and high speeds for a multitude of sensual applications. The easy-to-hold l ong handle allows you to angle the wide tip for powerful purring against the cli toris that will produce wave after wave of climaxes. The power cord measures 5 1 /2 feet for plenty of wiggle room; just plug into the wall and enjoy the massage r intimately, or with a partner for sensual and relaxing massage. The flexible n eck gently pivots to conform to your body's curves, and the 2 1/2&amp;quot; wide tip offe rs an erotic surface for sexual exploration. Add a dab of your favorite sex lubr icant to the head and experience an amazing combination of slick glide and deep vibration. The massager's quiet motor is more descreet than some battery operat ed toys on the market.</description>
		<updated_at>2021-10-05 21:15:18</updated_at>
		<upc>844477007007</upc>
		<msrp>0</msrp>
		<date_released>2013-10-15 00:00:00</date_released>
		<qty_avail>47</qty_avail>
		<gross_weight>1.45</gross_weight>
		<size_length>12</size_length>
		<size_width>2.5</size_width>
		<size_circumference>0</size_circumference>
		<wholesale_price>32.99</wholesale_price>
		<MAP>0</MAP>
		<special_features></special_features>
		<how_to_use></how_to_use>
		<how_to_clean>Unplug when not in use; wipe with a damp cloth after use and before storing.</how_to_clean>
		<purpose>Personal massager.</purpose>
		<preferred_asin></preferred_asin>
		<video></video>
		<price>32.99</price>
		<manufacturer>Adam and Eve</manufacturer>
		<Categories>
			<Category>
				<name>Massagers</name>
			</Category>
			<Category>
				<name>Massagers | Body Massagers</name>
			</Category>
			<Category>
				<name>Vibrators</name>
			</Category>
			<Category>
				<name>Vibrators | Clitoral Vibrators</name>
			</Category>
			<Category>
				<name>Eco-Friendly</name>
			</Category>
			<Category>
				<name>Eco-Friendly | Rechargable</name>
			</Category>
		</Categories>
		<Images>
			<Image>
				<filename>/i/108/7644ff497f3b1c743af46b0ebed80a41.jpg</filename>
				<width>500</width>
				<height>268</height>
				<filesize>52470</filesize>
				<type>2</type>
				<view>1</view>
				<orientation>1</orientation>
				<created_at>2015-12-03 08:57:58</created_at>
			</Image>
			<Image>
				<filename>/i/108/3d52e3f04f033e1a7b6c8a2e68fc7bc0.jpg</filename>
				<width>500</width>
				<height>239</height>
				<filesize>24434</filesize>
				<type>2</type>
				<view>2</view>
				<orientation>1</orientation>
				<created_at>2016-02-09 13:56:17</created_at>
			</Image>
		</Images>
		<Attributes>
			<Attribute>
				<Color>White</Color>
			</Attribute>
			<Attribute>
				<Power>AC</Power>
			</Attribute>
			<Attribute>
				<Included></Included>
			</Attribute>
			<Attribute>
				<Feature>Multi-Speed</Feature>
			</Attribute>
			<Attribute>
				<Feature>Vibrates</Feature>
			</Attribute>
			<Attribute>
				<Flavor></Flavor>
			</Attribute>
			<Attribute>
				<Display></Display>
			</Attribute>
			<Attribute>
				<Material></Material>
			</Attribute>
			<Attribute>
				<Packaging></Packaging>
			</Attribute>
			<Attribute>
				<ItemLanguage></ItemLanguage>
			</Attribute>
			<Attribute>
				<CountryofOrigin>CN</CountryofOrigin>
			</Attribute>
			<Attribute>
				<Prop65></Prop65>
			</Attribute>
			<Attribute>
				<Bulk></Bulk>
			</Attribute>
			<Attribute>
				<Size></Size>
			</Attribute>
		</Attributes>
	</Item>
	<Item>
		<sku>AE-MM-8691-2</sku>
		<name>Adam and Eve Magic Massager Deluxe</name>
		<description>The new and improved Magic Massager delivers deep satisfying vibrations - now with eight new electryfying speeds. This wand style massager never loses power since its plugs directly into the wall. Experince powerful purring sensations on the clitoris for wave after wave of intense climaxes. A generous 5 1/2 foot power cord gives plenty of wiggle room and a long easy to hold handle lets you angle the wide tip wherever you want it. The flexible neck gently pivo ts to conform to your bodys curves while the 2.5 inches wide tip is perfect for sexual exploration. Unplug before cleaning with toy cleaner and a damp cloth.</description>
		<updated_at>2021-10-18 21:15:18</updated_at>
		<upc>844477008691</upc>
		<msrp>0</msrp>
		<date_released>2015-02-04 00:00:00</date_released>
		<qty_avail>37</qty_avail>
		<gross_weight>1.4</gross_weight>
		<size_length>12</size_length>
		<size_width>2.25</size_width>
		<size_circumference>0</size_circumference>
		<wholesale_price>39.99</wholesale_price>
		<MAP>0</MAP>
		<special_features></special_features>
		<how_to_use></how_to_use>
		<how_to_clean>Unplug when not in use; wipe with a damp cloth after use and before storing.</how_to_clean>
		<purpose>Personal massager.</purpose>
		<preferred_asin></preferred_asin>
		<video></video>
		<price>39.99</price>
		<manufacturer>Adam and Eve</manufacturer>
		<Categories>
			<Category>
				<name>Massagers</name>
			</Category>
			<Category>
				<name>Massagers | Body Massagers</name>
			</Category>
			<Category>
				<name>Vibrators</name>
			</Category>
			<Category>
				<name>Vibrators | Clitoral Vibrators</name>
			</Category>
			<Category>
				<name>Eco-Friendly</name>
			</Category>
			<Category>
				<name>Eco-Friendly | Rechargable</name>
			</Category>
			<Category>
				<name>Vibrators | AC Power Vibrators</name>
			</Category>
		</Categories>
		<Images>
			<Image>
				<filename>/i/109/466a3268c665dc5058b9313acc85b710.jpg</filename>
				<width>500</width>
				<height>190</height>
				<filesize>32891</filesize>
				<type>2</type>
				<view>2</view>
				<orientation>3</orientation>
				<created_at>2015-12-03 08:57:59</created_at>
			</Image>
			<Image>
				<filename>/i/109/733469ed4b977beaa919e82b77bca1d5.jpg</filename>
				<width>600</width>
				<height>3446</height>
				<filesize>485583</filesize>
				<type>2</type>
				<view>2</view>
				<orientation>1</orientation>
				<created_at>2015-12-03 08:57:59</created_at>
			</Image>
		</Images>
		<Attributes>
			<Attribute>
				<Color>Red</Color>
			</Attribute>
			<Attribute>
				<Power>AC</Power>
			</Attribute>
			<Attribute>
				<Included></Included>
			</Attribute>
			<Attribute>
				<Feature>Multi-Function</Feature>
			</Attribute>
			<Attribute>
				<Feature>Multi-Speed</Feature>
			</Attribute>
			<Attribute>
				<Feature>Escalates</Feature>
			</Attribute>
			<Attribute>
				<Feature>Pulsates</Feature>
			</Attribute>
			<Attribute>
				<Feature>Vibrates</Feature>
			</Attribute>
			<Attribute>
				<Feature>Phthalate Free</Feature>
			</Attribute>
			<Attribute>
				<Feature>Rotates</Feature>
			</Attribute>
			<Attribute>
				<Flavor></Flavor>
			</Attribute>
			<Attribute>
				<Display></Display>
			</Attribute>
			<Attribute>
				<Material></Material>
			</Attribute>
			<Attribute>
				<Packaging></Packaging>
			</Attribute>
			<Attribute>
				<ItemLanguage></ItemLanguage>
			</Attribute>
			<Attribute>
				<CountryofOrigin>CN</CountryofOrigin>
			</Attribute>
			<Attribute>
				<Prop65></Prop65>
			</Attribute>
			<Attribute>
				<Bulk></Bulk>
			</Attribute>
			<Attribute>
				<Size></Size>
			</Attribute>
		</Attributes>
	</Item>
	<Item>
		<sku>AE-MS-7816-2</sku>
		<name>Adam and Eve Eves First Rabbit - Pink</name>
		<description>Whether you're new to the world of rabbit vibrators or are partial to slimmer se x toys, Adam &amp;amp; Eve's got the perfect toy - Eve's First Rabbit! Made of flexible TPR, it boasts all the features of luxury rabbits - multiple duo-directional ro tational settings, 4 shaft rotation speeds, and 8 clitoral vibration fuctions wi th flickering bunny ears for extra stimulation. It's slimmer size and easy to us e control panel make it ideal for first-timers. Insertable length is 4.5&amp;quot;. Batte ries sold separately.</description>
		<updated_at>2021-10-19 21:15:16</updated_at>
		<upc>844477007816</upc>
		<msrp>0</msrp>
		<date_released>2014-09-05 00:00:00</date_released>
		<qty_avail>45</qty_avail>
		<gross_weight>0.5</gross_weight>
		<size_length>9</size_length>
		<size_width>1.25</size_width>
		<size_circumference>0</size_circumference>
		<wholesale_price>19.99</wholesale_price>
		<MAP>0</MAP>
		<special_features></special_features>
		<how_to_use></how_to_use>
		<how_to_clean>Clean before and after each use with soap and warm water or toy cleaner. Remove battries when not in use.</how_to_clean>
		<purpose></purpose>
		<preferred_asin></preferred_asin>
		<video></video>
		<price>19.99</price>
		<manufacturer>Adam and Eve</manufacturer>
		<Categories>
			<Category>
				<name>Vibrators</name>
			</Category>
			<Category>
				<name>Vibrators | Rabbit Style</name>
			</Category>
			<Category>
				<name>Vibrators | Vaginal &amp; Clit Vibrators</name>
			</Category>
			<Category>
				<name>Clit Stimulators</name>
			</Category>
			<Category>
				<name>Clit Stimulators | Clitoral Toys</name>
			</Category>
			<Category>
				<name>Vibrators | Mini &amp; Slim Vibrators</name>
			</Category>
			<Category>
				<name>Vibrators | G-Spot</name>
			</Category>
		</Categories>
		<Images>
			<Image>
				<filename>/i/110/4ca15cd567a329b8176b9af4dd98d907.jpg</filename>
				<width>357</width>
				<height>500</height>
				<filesize>35451</filesize>
				<type>2</type>
				<view>2</view>
				<orientation>3</orientation>
				<created_at>2015-12-03 08:58:00</created_at>
			</Image>
			<Image>
				<filename>/i/110/97590247d8fca83ae616a1d9c7060fdd.jpg</filename>
				<width>600</width>
				<height>840</height>
				<filesize>119445</filesize>
				<type>2</type>
				<view>2</view>
				<orientation>1</orientation>
				<created_at>2015-12-03 08:58:00</created_at>
			</Image>
		</Images>
		<Attributes>
			<Attribute>
				<Color>Pink</Color>
			</Attribute>
			<Attribute>
				<Power>AAA</Power>
			</Attribute>
			<Attribute>
				<Included></Included>
			</Attribute>
			<Attribute>
				<Feature>Multi-Function</Feature>
			</Attribute>
			<Attribute>
				<Feature>Multi-Speed</Feature>
			</Attribute>
			<Attribute>
				<Feature>Escalates</Feature>
			</Attribute>
			<Attribute>
				<Feature>Pulsates</Feature>
			</Attribute>
			<Attribute>
				<Feature>Vibrates</Feature>
			</Attribute>
			<Attribute>
				<Feature>Waterproof</Feature>
			</Attribute>
			<Attribute>
				<Feature>Phthalate Free</Feature>
			</Attribute>
			<Attribute>
				<Feature>Rotates</Feature>
			</Attribute>
			<Attribute>
				<Flavor></Flavor>
			</Attribute>
			<Attribute>
				<Display></Display>
			</Attribute>
			<Attribute>
				<Material></Material>
			</Attribute>
			<Attribute>
				<Packaging></Packaging>
			</Attribute>
			<Attribute>
				<ItemLanguage></ItemLanguage>
			</Attribute>
			<Attribute>
				<CountryofOrigin>CN</CountryofOrigin>
			</Attribute>
			<Attribute>
				<Prop65></Prop65>
			</Attribute>
			<Attribute>
				<Bulk></Bulk>
			</Attribute>
			<Attribute>
				<Size></Size>
			</Attribute>
		</Attributes>
	</Item>
	<Item>
		<sku>AL-283BL</sku>
		<name>Reuseable Cock Ring - Blue</name>
		<description>This Reusable Vibrating Cock Ring from Top Cat Toys is erotic purr..fection! &amp;lt;br&amp;gt;&amp;lt;br&amp;gt; Comfortable for any size, the ring is warn on the penis with the vibrator facing upwards and the stimulator facing frontward. The stimulator has tiny nubs for added sensation. &amp;lt;br&amp;gt;&amp;lt;br&amp;gt; Easy to use! Just switch on or off with the button on the side of the motor base.</description>
		<updated_at>2021-10-20 14:15:27</updated_at>
		<upc></upc>
		<msrp>0</msrp>
		<date_released>2015-02-27 00:00:00</date_released>
		<qty_avail>164</qty_avail>
		<gross_weight>0.05</gross_weight>
		<size_length>0</size_length>
		<size_width>0</size_width>
		<size_circumference>0</size_circumference>
		<wholesale_price>3.67</wholesale_price>
		<MAP>0</MAP>
		<special_features></special_features>
		<how_to_use></how_to_use>
		<how_to_clean>Clean before and after each use with mild soap and warm water. Remove batteries when not in use.</how_to_clean>
		<purpose></purpose>
		<preferred_asin></preferred_asin>
		<video></video>
		<price>3.67</price>
		<manufacturer>Top Cat Toys</manufacturer>
		<Categories>
			<Category>
				<name>Cockrings</name>
			</Category>
			<Category>
				<name>Cockrings | Vibrating Cockrings-Wireless</name>
			</Category>
			<Category>
				<name>Cockrings | Vibrating Cockrings</name>
			</Category>
			<Category>
				<name>Clit Stimulators</name>
			</Category>
			<Category>
				<name>Clit Stimulators | Clit Stimulating Cockrings</name>
			</Category>
			<Category>
				<name>Clit Stimulators | Wireless</name>
			</Category>
			<Category>
				<name>Cockrings | Cockrings W/Clit Stimulators</name>
			</Category>
		</Categories>
		<Images>
			<Image>
				<filename>/i/157/aZOiMOwb087xdQLdgDFqZ42X2zBicfFI.jpg</filename>
				<width>1972</width>
				<height>2407</height>
				<filesize>406977</filesize>
				<type>2</type>
				<view>2</view>
				<orientation>1</orientation>
				<created_at>2021-09-02 16:39:59</created_at>
			</Image>
		</Images>
		<Attributes>
			<Attribute>
				<Color>Blue</Color>
			</Attribute>
			<Attribute>
				<Power></Power>
			</Attribute>
			<Attribute>
				<Included></Included>
			</Attribute>
			<Attribute>
				<Feature></Feature>
			</Attribute>
			<Attribute>
				<Flavor></Flavor>
			</Attribute>
			<Attribute>
				<Display></Display>
			</Attribute>
			<Attribute>
				<Material></Material>
			</Attribute>
			<Attribute>
				<Packaging></Packaging>
			</Attribute>
			<Attribute>
				<ItemLanguage></ItemLanguage>
			</Attribute>
			<Attribute>
				<CountryofOrigin></CountryofOrigin>
			</Attribute>
			<Attribute>
				<Prop65></Prop65>
			</Attribute>
			<Attribute>
				<Bulk></Bulk>
			</Attribute>
			<Attribute>
				<Size></Size>
			</Attribute>
		</Attributes>
	</Item>
	<Item>
		<sku>AL-283PK</sku>
		<name>Reusable Cock Ring - Pink</name>
		<description>This Reusable Vibrating Cock Ring from Top Cat Toys is erotic purr..fection! &amp;lt;br&amp;gt;&amp;lt;br&amp;gt; Comfortable for any size, the ring is warn on the penis with the vibrator facing upwards and the stimulator facing frontward. The stimulator has tiny nubs for added sensation. &amp;lt;br&amp;gt;&amp;lt;br&amp;gt; Easy to use! Just switch on or off with the button on the side of the motor bas e.</description>
		<updated_at>2021-10-20 21:15:27</updated_at>
		<upc></upc>
		<msrp>0</msrp>
		<date_released>2008-01-25 00:00:00</date_released>
		<qty_avail>53</qty_avail>
		<gross_weight>0.05</gross_weight>
		<size_length>0</size_length>
		<size_width>0</size_width>
		<size_circumference>0</size_circumference>
		<wholesale_price>3.67</wholesale_price>
		<MAP>0</MAP>
		<special_features></special_features>
		<how_to_use></how_to_use>
		<how_to_clean>Clean before and after each use with mild soap and warm water. Remove batteries when not in use.</how_to_clean>
		<purpose></purpose>
		<preferred_asin></preferred_asin>
		<video></video>
		<price>3.67</price>
		<manufacturer>Top Cat Toys</manufacturer>
		<Categories>
			<Category>
				<name>Clit Stimulators</name>
			</Category>
			<Category>
				<name>Clit Stimulators | Clit Stimulating Cockrings</name>
			</Category>
			<Category>
				<name>Cockrings</name>
			</Category>
			<Category>
				<name>Cockrings | Vibrating Cockrings</name>
			</Category>
			<Category>
				<name>Cockrings | Cockrings W/Clit Stimulators</name>
			</Category>
		</Categories>
		<Images>
			<Image>
				<filename>/i/158/ZQlwCncHwIpXJQRK61EiJSAYlrMyuvPZ.jpg</filename>
				<width>1972</width>
				<height>2407</height>
				<filesize>328668</filesize>
				<type>2</type>
				<view>2</view>
				<orientation>1</orientation>
				<created_at>2021-09-02 16:39:37</created_at>
			</Image>
		</Images>
		<Attributes>
			<Attribute>
				<Color>Pink</Color>
			</Attribute>
			<Attribute>
				<Power>LR44</Power>
			</Attribute>
			<Attribute>
				<Included></Included>
			</Attribute>
			<Attribute>
				<Feature></Feature>
			</Attribute>
			<Attribute>
				<Flavor></Flavor>
			</Attribute>
			<Attribute>
				<Display></Display>
			</Attribute>
			<Attribute>
				<Material></Material>
			</Attribute>
			<Attribute>
				<Packaging></Packaging>
			</Attribute>
			<Attribute>
				<ItemLanguage></ItemLanguage>
			</Attribute>
			<Attribute>
				<CountryofOrigin>US</CountryofOrigin>
			</Attribute>
			<Attribute>
				<Prop65></Prop65>
			</Attribute>
			<Attribute>
				<Bulk></Bulk>
			</Attribute>
			<Attribute>
				<Size></Size>
			</Attribute>
		</Attributes>
	</Item>
	<Item>
		<sku>AL-283PUR</sku>
		<name>Reusable Cock Ring - Purple</name>
		<description>This Reusable Vibrating Cock Ring from Top Cat Toys is erotic purr..fection! &amp;lt;br&amp;gt;&amp;lt;br&amp;gt; Comfortable for any size, the ring is warn on the penis with the vibrator facing upwards and the stimulator facing frontward. The stimulator has tiny nubs for added sensation. &amp;lt;br&amp;gt;&amp;lt;br&amp;gt; Easy to use! Just switch on or off with the button on the side of the motor bas e.</description>
		<updated_at>2021-10-20 21:15:27</updated_at>
		<upc></upc>
		<msrp>0</msrp>
		<date_released>2008-01-25 00:00:00</date_released>
		<qty_avail>52</qty_avail>
		<gross_weight>0.05</gross_weight>
		<size_length>0</size_length>
		<size_width>0</size_width>
		<size_circumference>0</size_circumference>
		<wholesale_price>3.67</wholesale_price>
		<MAP>0</MAP>
		<special_features></special_features>
		<how_to_use></how_to_use>
		<how_to_clean>Clean before and after each use with mild soap and warm water. Remove batteries when not in use.</how_to_clean>
		<purpose></purpose>
		<preferred_asin></preferred_asin>
		<video></video>
		<price>3.67</price>
		<manufacturer>Top Cat Toys</manufacturer>
		<Categories>
			<Category>
				<name>Cockrings</name>
			</Category>
			<Category>
				<name>Cockrings | Vibrating Cockrings</name>
			</Category>
			<Category>
				<name>Clit Stimulators</name>
			</Category>
			<Category>
				<name>Clit Stimulators | Clit Stimulating Cockrings</name>
			</Category>
			<Category>
				<name>Cockrings | Cockrings W/Clit Stimulators</name>
			</Category>
		</Categories>
		<Images>
			<Image>
				<filename>/i/159/x8nuucJoXNYTaDkljNYXrdpLpKIq8ysC.jpg</filename>
				<width>1690</width>
				<height>2063</height>
				<filesize>335525</filesize>
				<type>2</type>
				<view>2</view>
				<orientation>1</orientation>
				<created_at>2021-09-02 16:39:02</created_at>
			</Image>
		</Images>
		<Attributes>
			<Attribute>
				<Color>Purple</Color>
			</Attribute>
			<Attribute>
				<Power>LR44</Power>
			</Attribute>
			<Attribute>
				<Included></Included>
			</Attribute>
			<Attribute>
				<Feature></Feature>
			</Attribute>
			<Attribute>
				<Flavor></Flavor>
			</Attribute>
			<Attribute>
				<Display></Display>
			</Attribute>
			<Attribute>
				<Material></Material>
			</Attribute>
			<Attribute>
				<Packaging></Packaging>
			</Attribute>
			<Attribute>
				<ItemLanguage></ItemLanguage>
			</Attribute>
			<Attribute>
				<CountryofOrigin>US</CountryofOrigin>
			</Attribute>
			<Attribute>
				<Prop65></Prop65>
			</Attribute>
			<Attribute>
				<Bulk></Bulk>
			</Attribute>
			<Attribute>
				<Size></Size>
			</Attribute>
		</Attributes>
	</Item>
	<Item>
		<sku>AL-284PK</sku>
		<name>Vibrating Bunny Ring - Pink</name>
		<description>Single speed cock ring. Button cell batteries included.</description>
		<updated_at>2021-10-19 21:15:26</updated_at>
		<upc>605632284165</upc>
		<msrp>0</msrp>
		<date_released>2014-09-10 00:00:00</date_released>
		<qty_avail>141</qty_avail>
		<gross_weight>0.05</gross_weight>
		<size_length>0</size_length>
		<size_width>0</size_width>
		<size_circumference>0</size_circumference>
		<wholesale_price>2.92</wholesale_price>
		<MAP>0</MAP>
		<special_features></special_features>
		<how_to_use></how_to_use>
		<how_to_clean>Clean before and after each use with soap and warm water.</how_to_clean>
		<purpose></purpose>
		<preferred_asin></preferred_asin>
		<video></video>
		<price>2.92</price>
		<manufacturer>Top Cat Toys</manufacturer>
		<Categories>
			<Category>
				<name>Cockrings</name>
			</Category>
			<Category>
				<name>Cockrings | Vibrating Cockrings</name>
			</Category>
			<Category>
				<name>Clit Stimulators</name>
			</Category>
			<Category>
				<name>Clit Stimulators | Clit Stimulating Cockrings</name>
			</Category>
			<Category>
				<name>Made in the USA</name>
			</Category>
			<Category>
				<name>Cockrings | Cockrings W/Clit Stimulators</name>
			</Category>
			<Category>
				<name>Couples Toys</name>
			</Category>
			<Category>
				<name>Couples Toys | Stimulating Cockrings</name>
			</Category>
		</Categories>
		<Images>
			<Image>
				<filename>/i/160/P3Axq8sZiI07fmVYhWnYksWYN1xY440l.jpg</filename>
				<width>600</width>
				<height>600</height>
				<filesize>23439</filesize>
				<type>2</type>
				<view>2</view>
				<orientation>1</orientation>
				<created_at>2021-09-02 16:38:35</created_at>
			</Image>
		</Images>
		<Attributes>
			<Attribute>
				<Color>Pink</Color>
			</Attribute>
			<Attribute>
				<Power></Power>
			</Attribute>
			<Attribute>
				<Included></Included>
			</Attribute>
			<Attribute>
				<Feature>Vibrates</Feature>
			</Attribute>
			<Attribute>
				<Feature>Phthalate Free</Feature>
			</Attribute>
			<Attribute>
				<Flavor></Flavor>
			</Attribute>
			<Attribute>
				<Display></Display>
			</Attribute>
			<Attribute>
				<Material></Material>
			</Attribute>
			<Attribute>
				<Packaging></Packaging>
			</Attribute>
			<Attribute>
				<ItemLanguage></ItemLanguage>
			</Attribute>
			<Attribute>
				<CountryofOrigin>US</CountryofOrigin>
			</Attribute>
			<Attribute>
				<Prop65></Prop65>
			</Attribute>
			<Attribute>
				<Bulk></Bulk>
			</Attribute>
			<Attribute>
				<Size></Size>
			</Attribute>
		</Attributes>
	</Item>
	<Item>
		<sku>AL-284PUR</sku>
		<name>Vibrating Bunny Ring - Purple</name>
		<description>Single speed cock ring. Button cell batteries included.</description>
		<updated_at>2021-10-19 21:15:27</updated_at>
		<upc>605632284066</upc>
		<msrp>0</msrp>
		<date_released>2014-09-10 00:00:00</date_released>
		<qty_avail>150</qty_avail>
		<gross_weight>0.05</gross_weight>
		<size_length>0</size_length>
		<size_width>0</size_width>
		<size_circumference>0</size_circumference>
		<wholesale_price>2.92</wholesale_price>
		<MAP>0</MAP>
		<special_features></special_features>
		<how_to_use></how_to_use>
		<how_to_clean>Clean before and after each use with soap and warm water.</how_to_clean>
		<purpose></purpose>
		<preferred_asin></preferred_asin>
		<video></video>
		<price>2.92</price>
		<manufacturer>Top Cat Toys</manufacturer>
		<Categories>
			<Category>
				<name>Cockrings</name>
			</Category>
			<Category>
				<name>Cockrings | Vibrating Cockrings</name>
			</Category>
			<Category>
				<name>Clit Stimulators</name>
			</Category>
			<Category>
				<name>Clit Stimulators | Clit Stimulating Cockrings</name>
			</Category>
			<Category>
				<name>Cockrings | Cockrings W/Clit Stimulators</name>
			</Category>
			<Category>
				<name>Couples Toys</name>
			</Category>
			<Category>
				<name>Couples Toys | Stimulating Cockrings</name>
			</Category>
		</Categories>
		<Images>
			<Image>
				<filename>/i/161/LGaFGNHjC1sGE6rfKUbGJ4XBxWO3teN5.jpg</filename>
				<width>600</width>
				<height>600</height>
				<filesize>29972</filesize>
				<type>2</type>
				<view>1</view>
				<orientation>1</orientation>
				<created_at>2021-09-02 16:38:09</created_at>
			</Image>
			<Image>
				<filename>/i/161/wCB0MJ9uHKmbsN19ymFf9laqOyN3FMWl.jpg</filename>
				<width>600</width>
				<height>600</height>
				<filesize>28887</filesize>
				<type>2</type>
				<view>2</view>
				<orientation>1</orientation>
				<created_at>2021-09-02 16:38:09</created_at>
			</Image>
		</Images>
		<Attributes>
			<Attribute>
				<Color>Purple</Color>
			</Attribute>
			<Attribute>
				<Power></Power>
			</Attribute>
			<Attribute>
				<Included></Included>
			</Attribute>
			<Attribute>
				<Feature>Vibrates</Feature>
			</Attribute>
			<Attribute>
				<Feature>Phthalate Free</Feature>
			</Attribute>
			<Attribute>
				<Flavor></Flavor>
			</Attribute>
			<Attribute>
				<Display></Display>
			</Attribute>
			<Attribute>
				<Material></Material>
			</Attribute>
			<Attribute>
				<Packaging></Packaging>
			</Attribute>
			<Attribute>
				<ItemLanguage></ItemLanguage>
			</Attribute>
			<Attribute>
				<CountryofOrigin>US</CountryofOrigin>
			</Attribute>
			<Attribute>
				<Prop65></Prop65>
			</Attribute>
			<Attribute>
				<Bulk></Bulk>
			</Attribute>
			<Attribute>
				<Size></Size>
			</Attribute>
		</Attributes>
	</Item>