<Items>
    <Item>
		<sku>PD3692-20</sku>
		<name>Fetish Fantasy Extreme Vibrating Pussy Pump</name>
		<description>Watch your pussy swell to new extremes with the Fetish Fantasy Extreme Vibrating the high-intensity super suction by pulling the easy-grip medical style pump lever. Once the pump is snug around your extraordinary enormous lips stimulate the swell with a vibrating buzz by activating the multi-speed bullet. With a passion and vibrate with pleasure. To relieve the pressure simply press the quick-release valve and you are ready for big-time fun. The vibrating bullet can also be removed from the pump shell allowing you to stimulate your nipples or other erogenous zones as you enjoy the pumps suction.</description>
		<updated_at>2021-10-26 21:23:04</updated_at>
		<upc>603912326178</upc>
		<msrp>64.99</msrp>
		<date_released>2013-03-22 00:00:00</date_released>
		<qty_avail>439</qty_avail>
		<gross_weight>0.75</gross_weight>
		<size_length>0</size_length>
		<size_width>0</size_width>
		<size_circumference>0</size_circumference>
		<wholesale_price>32.50</wholesale_price>
		<MAP>0</MAP>
		<special_features></special_features>
		<how_to_use></how_to_use>
		<how_to_clean>Clean before and after each use with soap and warm water or toy cleaner. Remove batteries when not in use.</how_to_clean>
		<purpose></purpose>
		<preferred_asin></preferred_asin>
		<video></video>
		<price>32.50</price>
		<manufacturer>Pipedream</manufacturer>
		<Categories>
			<Category>
				<name>Clit Stimulators</name>
			</Category>
			<Category>
				<name>Clit Stimulators | Clitoral Pumps</name>
			</Category>
			<Category>
				<name>Clit Stimulators | Remote Controlled Stimulators</name>
			</Category>
			<Category>
				<name>Pumps &amp; Enlargers</name>
			</Category>
			<Category>
				<name>Pumps &amp; Enlargers | Clit Pump</name>
			</Category>
			<Category>
				<name>Pumps &amp; Enlargers | Vibrating</name>
			</Category>
			<Category>
				<name>Vibrators</name>
			</Category>
			<Category>
				<name>Vibrators | Clitoral Vibrators</name>
			</Category>
		</Categories>
		<Images>
			<Image>
				<filename>/i/11070/KwpHIa4lZMtzME82VEgqvAWRUJq7FTZi.jpg</filename>
				<width>1500</width>
				<height>2500</height>
				<filesize>204905</filesize>
				<type>2</type>
				<view>2</view>
				<orientation>4</orientation>
				<created_at>2016-03-03 14:19:35</created_at>
			</Image>
			<Image>
				<filename>/i/11070/8GDcpKV4F31R3LwlqhVLe1ZfI6J8xUq2.jpg</filename>
				<width>1500</width>
				<height>2500</height>
				<filesize>212356</filesize>
				<type>2</type>
				<view>2</view>
				<orientation>1</orientation>
				<created_at>2016-03-03 14:19:38</created_at>
			</Image>
			<Image>
				<filename>/i/11070/O7vf3W71sBTpmWxaiMWv8sWv85Cu4hqx.jpg</filename>
				<width>1500</width>
				<height>2500</height>
				<filesize>227339</filesize>
				<type>2</type>
				<view>2</view>
				<orientation>5</orientation>
				<created_at>2016-03-03 14:19:45</created_at>
			</Image>
			<Image>
				<filename>/i/11070/bN4j9a8bgI6L2uWEfd0ISRW6PI7zz5qb.jpg</filename>
				<width>1932</width>
				<height>2500</height>
				<filesize>1868729</filesize>
				<type>2</type>
				<view>1</view>
				<orientation>1</orientation>
				<created_at>2020-06-17 11:52:34</created_at>
			</Image>
		</Images>
		<Attributes>
			<Attribute>
				<Color>Clear</Color>
			</Attribute>
			<Attribute>
				<Power>AA</Power>
			</Attribute>
			<Attribute>
				<Included></Included>
			</Attribute>
			<Attribute>
				<Feature>Multi-Speed</Feature>
			</Attribute>
			<Attribute>
				<Feature>Vibrates</Feature>
			</Attribute>
			<Attribute>
				<Feature>Phthalate Free</Feature>
			</Attribute>
			<Attribute>
				<Flavor></Flavor>
			</Attribute>
			<Attribute>
				<Display></Display>
			</Attribute>
			<Attribute>
				<Material></Material>
			</Attribute>
			<Attribute>
				<Packaging></Packaging>
			</Attribute>
			<Attribute>
				<ItemLanguage></ItemLanguage>
			</Attribute>
			<Attribute>
				<CountryofOrigin>CN</CountryofOrigin>
			</Attribute>
			<Attribute>
				<Prop65></Prop65>
			</Attribute>
			<Attribute>
				<Bulk></Bulk>
			</Attribute>
			<Attribute>
				<Size></Size>
			</Attribute>
		</Attributes>
	</Item>
	<Item>
		<sku>PD3992-23</sku>
		<name>Fetish Fantasy Gold Vibrating Cockring - Black</name>
		<description> Simply press the easy-access button on the gold bullet to enjoy three powerful speeds for incredible stimulation. The one-touch control makes it easy to operate while the whisper-quiet vibrations and soft TPE ticklers tease and please to offer the most intense orgasm you have ever imagined. Its perfect for enhancing the wearer pleasure as well as offering thrilling clit stimulation for your partner. Wear it in the shower or spa and turn bath time into pleasure time.</description>
		<updated_at>2021-10-22 21:22:33</updated_at>
		<upc>603912340990</upc>
		<msrp>23.99</msrp>
		<date_released>2014-03-19 00:00:00</date_released>
		<qty_avail>19</qty_avail>
		<gross_weight>0.2</gross_weight>
		<size_length>0</size_length>
		<size_width>0</size_width>
		<size_circumference>0</size_circumference>
		<wholesale_price>12.00</wholesale_price>
		<MAP>0</MAP>
		<special_features></special_features>
		<how_to_use></how_to_use>
		<how_to_clean>Clean before and after each use with soap and warm water. Remove batteries when not in use.</how_to_clean>
		<purpose></purpose>
		<preferred_asin></preferred_asin>
		<video></video>
		<price>12.00</price>
		<manufacturer>Pipedream</manufacturer>
		<Categories>
			<Category>
				<name>Cockrings</name>
			</Category>
			<Category>
				<name>Cockrings | Vibrating Cockrings</name>
			</Category>
			<Category>
				<name>Clit Stimulators</name>
			</Category>
			<Category>
				<name>Clit Stimulators | Clit Stimulating Cockrings</name>
			</Category>
			<Category>
				<name>Cockrings | Cockrings W/Clit Stimulators</name>
			</Category>
			<Category>
				<name>Couples Toys</name>
			</Category>
			<Category>
				<name>Couples Toys | Stimulating Cockrings</name>
			</Category>
		</Categories>
		<Images>
			<Image>
				<filename>/i/11326/1IwjGiN8jON3ILyK6AsgYc7VE824sW2g.jpg</filename>
				<width>1932</width>
				<height>2500</height>
				<filesize>750184</filesize>
				<type>2</type>
				<view>2</view>
				<orientation>3</orientation>
				<created_at>2020-06-17 18:15:39</created_at>
			</Image>
			<Image>
				<filename>/i/11326/u8kQFsLDTgGPlGGrxBADKdyHmzMyxhLk.jpg</filename>
				<width>1932</width>
				<height>2500</height>
				<filesize>1067751</filesize>
				<type>2</type>
				<view>1</view>
				<orientation>1</orientation>
				<created_at>2020-06-17 18:15:39</created_at>
			</Image>
			<Image>
				<filename>/i/11326/uKTCnYlyAHr1NrxoWstX0RuJhvIM8Azy.jpg</filename>
				<width>1932</width>
				<height>2500</height>
				<filesize>731139</filesize>
				<type>2</type>
				<view>2</view>
				<orientation>1</orientation>
				<created_at>2020-06-17 18:15:47</created_at>
			</Image>
			<Image>
				<filename>/i/11326/KiKfsYqAfvOqfEKlmV89kvNxOlWP6RCY.jpg</filename>
				<width>1932</width>
				<height>2500</height>
				<filesize>729779</filesize>
				<type>2</type>
				<view>3</view>
				<orientation>3</orientation>
				<created_at>2020-06-17 18:15:47</created_at>
			</Image>
		</Images>
		<Attributes>
			<Attribute>
				<Color>Black</Color>
			</Attribute>
			<Attribute>
				<Power>LR44</Power>
			</Attribute>
			<Attribute>
				<Included></Included>
			</Attribute>
			<Attribute>
				<Feature>Multi-Speed</Feature>
			</Attribute>
			<Attribute>
				<Feature>Vibrates</Feature>
			</Attribute>
			<Attribute>
				<Feature>Waterproof</Feature>
			</Attribute>
			<Attribute>
				<Feature>Phthalate Free</Feature>
			</Attribute>
			<Attribute>
				<Flavor></Flavor>
			</Attribute>
			<Attribute>
				<Display></Display>
			</Attribute>
			<Attribute>
				<Material></Material>
			</Attribute>
			<Attribute>
				<Packaging></Packaging>
			</Attribute>
			<Attribute>
				<ItemLanguage></ItemLanguage>
			</Attribute>
			<Attribute>
				<CountryofOrigin>CN</CountryofOrigin>
			</Attribute>
			<Attribute>
				<Prop65></Prop65>
			</Attribute>
			<Attribute>
				<Bulk></Bulk>
			</Attribute>
			<Attribute>
				<Size></Size>
			</Attribute>
		</Attributes>
	</Item>
	<Item>
		<sku>PD4025-23</sku>
		<name>Fetish Fantasy Series Hanky Spank Me Vibrating Panties - Black</name>
		<description>Can you keep a secret.. Tucked away discreetly inside this sexy low rise lace thong is a hidden micro bullet designed to rock your world. The soft stretchy waistband is so comfortable you will forget you are even wearing panties - until you turn on the secret micro stimulator. With the push of a button the whisper-quiet motor comes to life and provides direct stimulation where you want it most. Best of all no one will ever know why you are smiling so much.</description>
		<updated_at>2021-10-26 21:23:09</updated_at>
		<upc>603912296624</upc>
		<msrp>29.99</msrp>
		<date_released>2011-10-13 00:00:00</date_released>
		<qty_avail>51</qty_avail>
		<gross_weight>0.15</gross_weight>
		<size_length>0</size_length>
		<size_width>0</size_width>
		<size_circumference>0</size_circumference>
		<wholesale_price>15.00</wholesale_price>
		<MAP>0</MAP>
		<special_features></special_features>
		<how_to_use></how_to_use>
		<how_to_clean>Wash after each use with soap and water. Remove bullet and batteries when not in use</how_to_clean>
		<purpose>Vibrating thong for clitoral stimulation</purpose>
		<preferred_asin></preferred_asin>
		<video></video>
		<price>15.00</price>
		<manufacturer>Pipedream</manufacturer>
		<Categories>
			<Category>
				<name>Lingerie &amp; Sexy Apparel</name>
			</Category>
			<Category>
				<name>Lingerie &amp; Sexy Apparel | Vibrating</name>
			</Category>
			<Category>
				<name>Clit Stimulators</name>
			</Category>
			<Category>
				<name>Clit Stimulators | Vibrating Panty &amp; Thong</name>
			</Category>
			<Category>
				<name>Lingerie &amp; Sexy Apparel | G-string &amp; Thong</name>
			</Category>
		</Categories>
		<Images>
			<Image>
				<filename>/i/11337/rhPEiaMgqOQHv9XuHxVwzJeaDAkbkovO.jpg</filename>
				<width>1663</width>
				<height>2500</height>
				<filesize>1420267</filesize>
				<type>2</type>
				<view>3</view>
				<orientation>1</orientation>
				<created_at>2020-06-17 18:29:37</created_at>
			</Image>
			<Image>
				<filename>/i/11337/3LkwtSlBKl8GhdigSwwOhrRt79boRqIA.jpg</filename>
				<width>1932</width>
				<height>2500</height>
				<filesize>1731767</filesize>
				<type>2</type>
				<view>1</view>
				<orientation>1</orientation>
				<created_at>2020-06-17 18:29:38</created_at>
			</Image>
			<Image>
				<filename>/i/11337/wVPogf1UXH53uUNXi55bjs3n5VrhuAul.jpg</filename>
				<width>1663</width>
				<height>2500</height>
				<filesize>847317</filesize>
				<type>2</type>
				<view>3</view>
				<orientation>3</orientation>
				<created_at>2020-06-17 18:29:45</created_at>
			</Image>
			<Image>
				<filename>/i/11337/trWczWY0ErWdBpyKN6o2dY3VtBMwsiap.jpg</filename>
				<width>1663</width>
				<height>2500</height>
				<filesize>1103871</filesize>
				<type>2</type>
				<view>3</view>
				<orientation>6</orientation>
				<created_at>2020-06-17 18:29:46</created_at>
			</Image>
			<Image>
				<filename>/i/11337/W88nwIxiK2JwEkneVx3DACiggyriD2wZ.jpg</filename>
				<width>1932</width>
				<height>2500</height>
				<filesize>340640</filesize>
				<type>2</type>
				<view>2</view>
				<orientation>2</orientation>
				<created_at>2020-06-17 18:29:55</created_at>
			</Image>
			<Image>
				<filename>/i/11337/ish5zgRieVkS9qD8t7J8Dj3YhMdDshXL.jpg</filename>
				<width>1932</width>
				<height>2500</height>
				<filesize>388491</filesize>
				<type>2</type>
				<view>2</view>
				<orientation>1</orientation>
				<created_at>2020-06-17 18:29:55</created_at>
			</Image>
		</Images>
		<Attributes>
			<Attribute>
				<Color>Black</Color>
			</Attribute>
			<Attribute>
				<Power>LR44</Power>
			</Attribute>
			<Attribute>
				<Included></Included>
			</Attribute>
			<Attribute>
				<Feature>Multi-Speed</Feature>
			</Attribute>
			<Attribute>
				<Feature>Vibrates</Feature>
			</Attribute>
			<Attribute>
				<Flavor></Flavor>
			</Attribute>
			<Attribute>
				<Display></Display>
			</Attribute>
			<Attribute>
				<Material></Material>
			</Attribute>
			<Attribute>
				<Packaging></Packaging>
			</Attribute>
			<Attribute>
				<ItemLanguage></ItemLanguage>
			</Attribute>
			<Attribute>
				<CountryofOrigin>TW</CountryofOrigin>
			</Attribute>
			<Attribute>
				<Prop65></Prop65>
			</Attribute>
			<Attribute>
				<Bulk></Bulk>
			</Attribute>
			<Attribute>
				<Size></Size>
			</Attribute>
		</Attributes>
	</Item>
	<Item>
		<sku>PD4027-23</sku>
		<name>Fetish Fantasy Series Remote Control Fantasy Panty - Black</name>
		<description>This discreet waterproof bullet is quiet enough to wear the panties out on the town and no one but you and your lover will know.</description>
		<updated_at>2021-10-27 21:24:45</updated_at>
		<upc>603912219654</upc>
		<msrp>69.99</msrp>
		<date_released>2008-06-26 00:00:00</date_released>
		<qty_avail>23</qty_avail>
		<gross_weight>0.9</gross_weight>
		<size_length>0</size_length>
		<size_width>0</size_width>
		<size_circumference>0</size_circumference>
		<wholesale_price>35.00</wholesale_price>
		<MAP>0</MAP>
		<special_features></special_features>
		<how_to_use></how_to_use>
		<how_to_clean></how_to_clean>
		<purpose></purpose>
		<preferred_asin></preferred_asin>
		<video></video>
		<price>35.00</price>
		<manufacturer>Pipedream</manufacturer>
		<Categories>
			<Category>
				<name>Clit Stimulators</name>
			</Category>
			<Category>
				<name>Clit Stimulators | Vibrating Panty &amp; Thong</name>
			</Category>
			<Category>
				<name>Clit Stimulators | Wireless</name>
			</Category>
			<Category>
				<name>Lingerie &amp; Sexy Apparel</name>
			</Category>
			<Category>
				<name>Lingerie &amp; Sexy Apparel | Vibrating</name>
			</Category>
			<Category>
				<name>Lingerie &amp; Sexy Apparel | Panties &amp; Underwear</name>
			</Category>
			<Category>
				<name>Bondage &amp; Fetish Toys</name>
			</Category>
			<Category>
				<name>Couples Toys</name>
			</Category>
			<Category>
				<name>Couples Toys | Panty Vibes</name>
			</Category>
		</Categories>
		<Images>
			<Image>
				<filename>/i/11339/c3sa4dXq00FEi8KB3kAdBEam0TyBCGaW.jpg</filename>
				<width>2000</width>
				<height>2976</height>
				<filesize>608779</filesize>
				<type>2</type>
				<view>3</view>
				<orientation>1</orientation>
				<created_at>2018-07-16 11:25:53</created_at>
			</Image>
			<Image>
				<filename>/i/11339/0TWLgVPrlfCjbLGgzCPbkFI55XLToGSb.jpg</filename>
				<width>2000</width>
				<height>2976</height>
				<filesize>1864194</filesize>
				<type>2</type>
				<view>2</view>
				<orientation>1</orientation>
				<created_at>2018-07-16 11:25:53</created_at>
			</Image>
			<Image>
				<filename>/i/11339/jiBvfhfSPQeahKDK3wlJ1VYp4RjcBXwv.jpg</filename>
				<width>1932</width>
				<height>2500</height>
				<filesize>1298867</filesize>
				<type>2</type>
				<view>1</view>
				<orientation>1</orientation>
				<created_at>2020-06-17 18:31:48</created_at>
			</Image>
		</Images>
		<Attributes>
			<Attribute>
				<Color>Black</Color>
			</Attribute>
			<Attribute>
				<Power>AAA</Power>
			</Attribute>
			<Attribute>
				<Included></Included>
			</Attribute>
			<Attribute>
				<Feature></Feature>
			</Attribute>
			<Attribute>
				<Flavor></Flavor>
			</Attribute>
			<Attribute>
				<Display></Display>
			</Attribute>
			<Attribute>
				<Material></Material>
			</Attribute>
			<Attribute>
				<Packaging></Packaging>
			</Attribute>
			<Attribute>
				<ItemLanguage></ItemLanguage>
			</Attribute>
			<Attribute>
				<CountryofOrigin>CN</CountryofOrigin>
			</Attribute>
			<Attribute>
				<Prop65></Prop65>
			</Attribute>
			<Attribute>
				<Bulk></Bulk>
			</Attribute>
			<Attribute>
				<Size></Size>
			</Attribute>
		</Attributes>
	</Item>
	<Item>
		<sku>PD4028-23</sku>
		<name>Fetish Fantasy Series 10 Function Remote Control Fantasy Panty</name>
		<description>Turn your lover on with the touch of a button with this 10-Function Remote Control Vibrating Panty.Tucked away discreetly inside this sexy g-string is a powerful waterproof bullet operated by remote control and effective up to 25 feet away.A small textured rubber plug inserts and quietly holds the bullet in place and with 10 pulsation patterns to choose from on the remote the possibilities are endless. Go from a flutter to a throb with the push of a button and its your sexy little secret. Wear it out on dates around the house to parties or anywhere you need an extra little buzz. You will both agree these are no ordinary panties... Finally a remote control you both can enjoy.</description>
		<updated_at>2021-10-27 22:25:00</updated_at>
		<upc>603912273625</upc>
		<msrp>89.99</msrp>
		<date_released>2010-01-21 00:00:00</date_released>
		<qty_avail>36</qty_avail>
		<gross_weight>0.4</gross_weight>
		<size_length>0</size_length>
		<size_width>0</size_width>
		<size_circumference>0</size_circumference>
		<wholesale_price>45.00</wholesale_price>
		<MAP>0</MAP>
		<special_features>Batteries included.</special_features>
		<how_to_use></how_to_use>
		<how_to_clean></how_to_clean>
		<purpose></purpose>
		<preferred_asin></preferred_asin>
		<video>&amp;lt;embed src='https://www.pipedreamproducts.com/jwplayer/player.swf' height='304' width='500' allowscriptaccess='always' allowfullscreen='true' flashvars='&amp;amp;controlbar=bottom&amp;amp;netstreambasepath=https://www.pipedreamproducts.com/&amp;amp;file=https://www.pipedreamproducts.com/videos/pd4028-23.m4v&amp;amp;autostart=false'/&amp;gt;
</video>
		<price>45.00</price>
		<manufacturer>Pipedream</manufacturer>
		<Categories>
			<Category>
				<name>Lingerie &amp; Sexy Apparel</name>
			</Category>
			<Category>
				<name>Lingerie &amp; Sexy Apparel | Vibrating</name>
			</Category>
			<Category>
				<name>Vibrators</name>
			</Category>
			<Category>
				<name>Vibrators | Discreet Vibrators</name>
			</Category>
			<Category>
				<name>Vibrators | Clitoral Vibrators</name>
			</Category>
			<Category>
				<name>Clit Stimulators</name>
			</Category>
			<Category>
				<name>Clit Stimulators | Vibrating Panty &amp; Thong</name>
			</Category>
			<Category>
				<name>Couples Toys</name>
			</Category>
			<Category>
				<name>Couples Toys | Panty Vibes</name>
			</Category>
		</Categories>
		<Images>
			<Image>
				<filename>/i/11340/Eu2ngFxJDGA46LAkG3UbEjU9HcXgrauG.jpg</filename>
				<width>2000</width>
				<height>2976</height>
				<filesize>1317546</filesize>
				<type>2</type>
				<view>2</view>
				<orientation>1</orientation>
				<created_at>2017-07-20 12:56:21</created_at>
			</Image>
			<Image>
				<filename>/i/11340/6UGLvlCS1in4o8hem0BmHeZsDsrXAUhG.jpg</filename>
				<width>2000</width>
				<height>2976</height>
				<filesize>1392944</filesize>
				<type>2</type>
				<view>3</view>
				<orientation>1</orientation>
				<created_at>2017-07-20 12:56:21</created_at>
			</Image>
			<Image>
				<filename>/i/11340/NNEMFnpqSsKZIxb6sBztDyPbzpujZ3ki.jpg</filename>
				<width>2000</width>
				<height>2976</height>
				<filesize>958426</filesize>
				<type>2</type>
				<view>2</view>
				<orientation>3</orientation>
				<created_at>2017-07-20 12:56:22</created_at>
			</Image>
			<Image>
				<filename>/i/11340/IeA2K26xF8kzcZeeoiiwSZvq6Xqg3mDo.jpg</filename>
				<width>2000</width>
				<height>2976</height>
				<filesize>1363094</filesize>
				<type>2</type>
				<view>1</view>
				<orientation>1</orientation>
				<created_at>2017-07-20 12:56:22</created_at>
			</Image>
		</Images>
		<Attributes>
			<Attribute>
				<Color>Black</Color>
			</Attribute>
			<Attribute>
				<Power>AA</Power>
			</Attribute>
			<Attribute>
				<Included></Included>
			</Attribute>
			<Attribute>
				<Feature>Multi-Function</Feature>
			</Attribute>
			<Attribute>
				<Feature>Waterproof</Feature>
			</Attribute>
			<Attribute>
				<Flavor></Flavor>
			</Attribute>
			<Attribute>
				<Display></Display>
			</Attribute>
			<Attribute>
				<Material></Material>
			</Attribute>
			<Attribute>
				<Packaging></Packaging>
			</Attribute>
			<Attribute>
				<ItemLanguage></ItemLanguage>
			</Attribute>
			<Attribute>
				<CountryofOrigin>CN</CountryofOrigin>
			</Attribute>
			<Attribute>
				<Prop65></Prop65>
			</Attribute>
			<Attribute>
				<Bulk></Bulk>
			</Attribute>
			<Attribute>
				<Size></Size>
			</Attribute>
		</Attributes>
	</Item>
	<Item>
		<sku>PD4421-23</sku>
		<name>Fetish Fantasy Series Limited Edition - Remote Control Vibrating Panties - Regular Size</name>
		<description>Can you keep a secret.. Tucked away discreetly inside this sexy low rise thong hidden micro-bullet designed to rock your world. The soft stretchy waistband is so comfortable you will forget you are even wearing panties until you turn on the secret micro stimulator. With the push of a button the whisper-quiet motor comes to life and provides direct stimulation where you want it most. Choose from 20 pulsation patterns and go from flutter to throb instantly. The wireless remote control allows your partner to control the vibrations from the next room or across the dinner table giving you a whole new element of surprise to your next rendezvous. Best of all no one will ever know why you are smiling so much.</description>
		<updated_at>2021-10-27 22:25:07</updated_at>
		<upc>603912320428</upc>
		<msrp>69.99</msrp>
		<date_released>2016-12-14 00:00:00</date_released>
		<qty_avail>39</qty_avail>
		<gross_weight>0.2</gross_weight>
		<size_length>0</size_length>
		<size_width>0</size_width>
		<size_circumference>0</size_circumference>
		<wholesale_price>35.00</wholesale_price>
		<MAP>0</MAP>
		<special_features></special_features>
		<how_to_use></how_to_use>
		<how_to_clean></how_to_clean>
		<purpose></purpose>
		<preferred_asin></preferred_asin>
		<video></video>
		<price>35.00</price>
		<manufacturer>Pipedream</manufacturer>
		<Categories>
			<Category>
				<name>Clit Stimulators</name>
			</Category>
			<Category>
				<name>Clit Stimulators | Vibrating Panty &amp; Thong</name>
			</Category>
			<Category>
				<name>Clit Stimulators | Remote Controlled Stimulators</name>
			</Category>
			<Category>
				<name>Lingerie &amp; Sexy Apparel</name>
			</Category>
			<Category>
				<name>Lingerie &amp; Sexy Apparel | Vibrating</name>
			</Category>
			<Category>
				<name>Lingerie &amp; Sexy Apparel | G-string &amp; Thong</name>
			</Category>
			<Category>
				<name>Couples Toys</name>
			</Category>
			<Category>
				<name>Couples Toys | Panty Vibes</name>
			</Category>
		</Categories>
		<Images>
			<Image>
				<filename>/i/11540/CJZgGtube5KhepQCdU4Pm4Q1E0GmK6XC.jpg</filename>
				<width>1932</width>
				<height>2500</height>
				<filesize>293477</filesize>
				<type>2</type>
				<view>2</view>
				<orientation>1</orientation>
				<created_at>2018-07-20 11:36:07</created_at>
			</Image>
			<Image>
				<filename>/i/11540/Y46K72Vm0nkw7lbacfYq590eFDEmCR39.jpg</filename>
				<width>1932</width>
				<height>2500</height>
				<filesize>388491</filesize>
				<type>2</type>
				<view>2</view>
				<orientation>1</orientation>
				<created_at>2018-07-20 11:36:07</created_at>
			</Image>
			<Image>
				<filename>/i/11540/zeifNzBVhC7rGn0ABxZ6YoQ9GVCymOGe.jpg</filename>
				<width>1932</width>
				<height>2500</height>
				<filesize>324606</filesize>
				<type>2</type>
				<view>2</view>
				<orientation>1</orientation>
				<created_at>2018-07-20 11:36:07</created_at>
			</Image>
			<Image>
				<filename>/i/11540/e3XTi49GTbq5vc3fQMcyEL8QXTXn3LgQ.jpg</filename>
				<width>1932</width>
				<height>2500</height>
				<filesize>340640</filesize>
				<type>2</type>
				<view>2</view>
				<orientation>2</orientation>
				<created_at>2018-07-20 11:36:07</created_at>
			</Image>
			<Image>
				<filename>/i/11540/iWbSOTGog2Y4PtUlztSDucaVdsguAiDR.jpg</filename>
				<width>1932</width>
				<height>2500</height>
				<filesize>245430</filesize>
				<type>2</type>
				<view>2</view>
				<orientation>1</orientation>
				<created_at>2018-07-20 11:36:07</created_at>
			</Image>
			<Image>
				<filename>/i/11540/uWwgspJfuPexerfcEjRSC9bsSwyw9KLI.jpg</filename>
				<width>1932</width>
				<height>2500</height>
				<filesize>1091152</filesize>
				<type>2</type>
				<view>1</view>
				<orientation>1</orientation>
				<created_at>2020-06-18 05:23:35</created_at>
			</Image>
		</Images>
		<Attributes>
			<Attribute>
				<Color>Black</Color>
			</Attribute>
			<Attribute>
				<Power>AAA</Power>
			</Attribute>
			<Attribute>
				<Power>LR44</Power>
			</Attribute>
			<Attribute>
				<Included></Included>
			</Attribute>
			<Attribute>
				<Feature>Multi-Function</Feature>
			</Attribute>
			<Attribute>
				<Feature>Escalates</Feature>
			</Attribute>
			<Attribute>
				<Feature>Pulsates</Feature>
			</Attribute>
			<Attribute>
				<Feature>Vibrates</Feature>
			</Attribute>
			<Attribute>
				<Flavor></Flavor>
			</Attribute>
			<Attribute>
				<Display></Display>
			</Attribute>
			<Attribute>
				<Material></Material>
			</Attribute>
			<Attribute>
				<Packaging></Packaging>
			</Attribute>
			<Attribute>
				<ItemLanguage></ItemLanguage>
			</Attribute>
			<Attribute>
				<CountryofOrigin>CN</CountryofOrigin>
			</Attribute>
			<Attribute>
				<Prop65></Prop65>
			</Attribute>
			<Attribute>
				<Bulk></Bulk>
			</Attribute>
			<Attribute>
				<Size></Size>
			</Attribute>
		</Attributes>
	</Item>
</Items>