<Items>
	<Item>
		<sku>AE-CQ-5881-2</sku>
		<name>Adam and Eve Love Bullet - Pink</name>
		<description>Keep several of these tiny mighty bestselling Love Bullet vibes on hand for orgasms on the go. Just over 2-inch long slip them into a purse pocket or beneath the mattress for discreet O's anytime - anywhere. The silky smooth coat feels sinful against bare skin.</description>
		<updated_at>2021-07-16 21:15:20</updated_at>
		<upc>844477005881</upc>
		<msrp>0</msrp>
		<date_released>2013-06-04 00:00:00</date_released>
		<qty_avail>80</qty_avail>
		<gross_weight>0.1</gross_weight>
		<size_length>2.25</size_length>
		<size_width>0.75</size_width>
		<size_circumference>0</size_circumference>
		<wholesale_price>4.99</wholesale_price>
		<MAP>0</MAP>
		<special_features></special_features>
		<how_to_use>The strong motor is controlled by a simple on/off button. Tighten the end cap prior to using in water.</how_to_use>
		<how_to_clean>Clean before and after each use with soap and warm water or toy cleaner. Remove batteries when not in use.</how_to_clean>
		<purpose></purpose>
		<preferred_asin></preferred_asin>
		<video></video>
		<price>4.99</price>
		<manufacturer>Adam and Eve</manufacturer>
		<Categories>
			<Category>
				<name>Vibrators</name>
			</Category>
			<Category>
				<name>Vibrators | Clitoral Vibrators</name>
			</Category>
			<Category>
				<name>Clit Stimulators</name>
			</Category>
			<Category>
				<name>Clit Stimulators | Bullets</name>
			</Category>
			<Category>
				<name>Eggs &amp; Bullets</name>
			</Category>
			<Category>
				<name>Eggs &amp; Bullets | Wireless</name>
			</Category>
		</Categories>
		<Images>
			<Image>
				<filename>/i/15/1498a67e42b8c875bcef4747c0ba9abe.jpg</filename>
				<width>332</width>
				<height>500</height>
				<filesize>54251</filesize>
				<type>2</type>
				<view>1</view>
				<orientation>1</orientation>
				<created_at>2015-12-03 08:56:19</created_at>
			</Image>
			<Image>
				<filename>/i/15/d7b57071b0ae714cbe1f9f02b83e5997.jpg</filename>
				<width>376</width>
				<height>500</height>
				<filesize>19778</filesize>
				<type>2</type>
				<view>2</view>
				<orientation>1</orientation>
				<created_at>2016-02-09 13:54:32</created_at>
			</Image>
			<Image>
				<filename>/i/15/91f5f98fa3fda99dbe44815228ad0255.jpg</filename>
				<width>500</width>
				<height>434</height>
				<filesize>25267</filesize>
				<type>2</type>
				<view>2</view>
				<orientation>3</orientation>
				<created_at>2016-02-09 13:54:32</created_at>
			</Image>
		</Images>
		<Attributes>
			<Attribute>
				<Color>Pink</Color>
			</Attribute>
			<Attribute>
				<Power>LR44</Power>
			</Attribute>
			<Attribute>
				<Included></Included>
			</Attribute>
			<Attribute>
				<Feature>Vibrates</Feature>
			</Attribute>
			<Attribute>
				<Feature>Waterproof</Feature>
			</Attribute>
			<Attribute>
				<Feature>Phthalate Free</Feature>
			</Attribute>
			<Attribute>
				<Flavor></Flavor>
			</Attribute>
			<Attribute>
				<Display></Display>
			</Attribute>
			<Attribute>
				<Material></Material>
			</Attribute>
			<Attribute>
				<Packaging></Packaging>
			</Attribute>
			<Attribute>
				<ItemLanguage></ItemLanguage>
			</Attribute>
			<Attribute>
				<CountryofOrigin>CN</CountryofOrigin>
			</Attribute>
			<Attribute>
				<Prop65></Prop65>
			</Attribute>
			<Attribute>
				<Bulk></Bulk>
			</Attribute>
		</Attributes>
	</Item>
	<Item>
		<sku>AE-MM-7007-2</sku>
		<name>Adam and Eve Magic Massager</name>
		<description>Tired of vibrators that aren't strong enough or ones that run through batteries faster than can you enjoy them? The Adam and Eve Massing Vibrator is strong enough for even the most demanding user and never requires a single battery change! This wand style massager provides deep satisfying vibrations at both low and high speeds for a multitude of sensual applications. The easy-to-hold l ong handle allows you to angle the wide tip for powerful purring against the cli toris that will produce wave after wave of climaxes. The power cord measures 5 1 /2 feet for plenty of wiggle room; just plug into the wall and enjoy the massage r intimately, or with a partner for sensual and relaxing massage. The flexible n eck gently pivots to conform to your body's curves, and the 2 1/2&amp;quot; wide tip offe rs an erotic surface for sexual exploration. Add a dab of your favorite sex lubr icant to the head and experience an amazing combination of slick glide and deep vibration. The massager's quiet motor is more descreet than some battery operat ed toys on the market.</description>
		<updated_at>2021-07-13 21:15:27</updated_at>
		<upc>844477007007</upc>
		<msrp>0</msrp>
		<date_released>2013-10-15 00:00:00</date_released>
		<qty_avail>52</qty_avail>
		<gross_weight>1.45</gross_weight>
		<size_length>12</size_length>
		<size_width>2.5</size_width>
		<size_circumference>0</size_circumference>
		<wholesale_price>32.99</wholesale_price>
		<MAP>0</MAP>
		<special_features></special_features>
		<how_to_use></how_to_use>
		<how_to_clean>Unplug when not in use; wipe with a damp cloth after use and before storing.</how_to_clean>
		<purpose>Personal massager.</purpose>
		<preferred_asin></preferred_asin>
		<video></video>
		<price>32.99</price>
		<manufacturer>Adam and Eve</manufacturer>
		<Categories>
			<Category>
				<name>Massagers</name>
			</Category>
			<Category>
				<name>Massagers | Body Massagers</name>
			</Category>
			<Category>
				<name>Vibrators</name>
			</Category>
			<Category>
				<name>Vibrators | Clitoral Vibrators</name>
			</Category>
			<Category>
				<name>Eco-Friendly</name>
			</Category>
			<Category>
				<name>Eco-Friendly | Rechargable</name>
			</Category>
		</Categories>
		<Images>
			<Image>
				<filename>/i/108/7644ff497f3b1c743af46b0ebed80a41.jpg</filename>
				<width>500</width>
				<height>268</height>
				<filesize>52470</filesize>
				<type>2</type>
				<view>1</view>
				<orientation>1</orientation>
				<created_at>2015-12-03 08:57:58</created_at>
			</Image>
			<Image>
				<filename>/i/108/3d52e3f04f033e1a7b6c8a2e68fc7bc0.jpg</filename>
				<width>500</width>
				<height>239</height>
				<filesize>24434</filesize>
				<type>2</type>
				<view>2</view>
				<orientation>1</orientation>
				<created_at>2016-02-09 13:56:17</created_at>
			</Image>
		</Images>
		<Attributes>
			<Attribute>
				<Color>White</Color>
			</Attribute>
			<Attribute>
				<Power>AC</Power>
			</Attribute>
			<Attribute>
				<Included></Included>
			</Attribute>
			<Attribute>
				<Feature>Multi-Speed</Feature>
			</Attribute>
			<Attribute>
				<Feature>Vibrates</Feature>
			</Attribute>
			<Attribute>
				<Flavor></Flavor>
			</Attribute>
			<Attribute>
				<Display></Display>
			</Attribute>
			<Attribute>
				<Material></Material>
			</Attribute>
			<Attribute>
				<Packaging></Packaging>
			</Attribute>
			<Attribute>
				<ItemLanguage></ItemLanguage>
			</Attribute>
			<Attribute>
				<CountryofOrigin>CN</CountryofOrigin>
			</Attribute>
			<Attribute>
				<Prop65></Prop65>
			</Attribute>
			<Attribute>
				<Bulk></Bulk>
			</Attribute>
		</Attributes>
	</Item>
</Items>